11:26:42,163  INFO ClassPathXmlApplicationContext:513 - Refreshing org.springframework.context.support.ClassPathXmlApplicationContext@4fc063f6: startup date [Sat Apr 02 11:26:42 CEST 2016]; root of context hierarchy
11:26:42,254  INFO XmlBeanDefinitionReader:316 - Loading XML bean definitions from class path resource [spring-business.xml]
11:26:42,600  INFO XmlBeanDefinitionReader:316 - Loading XML bean definitions from class path resource [spring-data.xml]
11:26:43,402  INFO Version:66 - HCANN000001: Hibernate Commons Annotations {4.0.5.Final}
11:26:43,410  INFO Version:54 - HHH000412: Hibernate Core {4.3.8.Final}
11:26:43,413  INFO Environment:239 - HHH000206: hibernate.properties not found
11:26:43,415  INFO Environment:346 - HHH000021: Bytecode provider name : javassist
11:26:43,442  INFO Configuration:2111 - HHH000044: Configuring from URL: jar:file:/Users/Jerome/Documents/AFCEPF/Atod26/Spring-Banque/Sources/BanqueSpring-Data/target/BanqueSpring-Data-0.1.jar!/hibernate.cfg.xml
11:26:43,476  WARN DTDEntityResolver:75 - HHH000223: Recognized obsolete hibernate namespace http://hibernate.sourceforge.net/. Use namespace http://www.hibernate.org/dtd/ instead. Refer to Hibernate 3.6 Migration Guide!
11:26:43,511  INFO Configuration:2216 - HHH000041: Configured SessionFactory: null
11:26:44,155  INFO Dialect:145 - HHH000400: Using dialect: org.hibernate.dialect.MySQLDialect
11:26:44,286  WARN AnnotationBinder:910 - HHH000457: Joined inheritance hierarchy [fr.afcepf.atod26.java.spring.banque.entity.Utilisateur] defined explicit @DiscriminatorColumn.  Legacy Hibernate behavior was to ignore the @DiscriminatorColumn.  However, as part of issue HHH-6911 we now apply the explicit @DiscriminatorColumn.  If you would prefer the legacy behavior, enable the `hibernate.discriminator.ignore_explicit_for_joined` setting (hibernate.discriminator.ignore_explicit_for_joined=true)
11:26:44,463  INFO TransactionFactoryInitiator:62 - HHH000399: Using default transaction strategy (direct JDBC transactions)
11:26:44,471  INFO ASTQueryTranslatorFactory:47 - HHH000397: Using ASTQueryTranslatorFactory
11:26:44,977  INFO SchemaValidator:157 - HHH000229: Running schema validator
11:26:44,977  INFO SchemaValidator:165 - HHH000102: Fetching database metadata
11:26:45,016  INFO TableMetadata:66 - HHH000261: Table found: bdd_banque.Client
11:26:45,016  INFO TableMetadata:67 - HHH000037: Columns: [id_utilisateur]
11:26:45,049  INFO TableMetadata:66 - HHH000261: Table found: bdd_banque.Conseiller
11:26:45,050  INFO TableMetadata:67 - HHH000037: Columns: [id_utilisateur]
11:26:45,056  INFO TableMetadata:66 - HHH000261: Table found: bdd_banque.compte
11:26:45,057  INFO TableMetadata:67 - HHH000037: Columns: [type_de_compte, id_utilisateur, numero_compte, date_de_creation]
11:26:45,063  INFO TableMetadata:66 - HHH000261: Table found: bdd_banque.operation_compte
11:26:45,064  INFO TableMetadata:67 - HHH000037: Columns: [numero_operation, montant, type_operation, date_operation, lesoperation]
11:26:45,070  INFO TableMetadata:66 - HHH000261: Table found: bdd_banque.utilisateur
11:26:45,070  INFO TableMetadata:67 - HHH000037: Columns: [prenom, mail, id_utilisateur, mot_de_passe, type_utilisateur, nom]
11:26:45,252  INFO HibernateTransactionManager:341 - Using DataSource [org.apache.commons.dbcp2.BasicDataSource@3d722bd] of Hibernate SessionFactory for HibernateTransactionManager
11:26:45,530 DEBUG SQL:109 - select utilisateu0_.id_utilisateur as id_utili2_4_, utilisateu0_.mail as mail3_4_, utilisateu0_.mot_de_passe as mot_de_p4_4_, utilisateu0_.nom as nom5_4_, utilisateu0_.prenom as prenom6_4_, utilisateu0_.type_utilisateur as type_uti1_4_ from utilisateur utilisateu0_ left outer join Client utilisateu0_1_ on utilisateu0_.id_utilisateur=utilisateu0_1_.id_utilisateur left outer join Conseiller utilisateu0_2_ on utilisateu0_.id_utilisateur=utilisateu0_2_.id_utilisateur where utilisateu0_.mail=? and utilisateu0_.mot_de_passe=?
12:25:18,884  INFO ClassPathXmlApplicationContext:513 - Refreshing org.springframework.context.support.ClassPathXmlApplicationContext@24e55d75: startup date [Sat Apr 02 12:25:18 CEST 2016]; root of context hierarchy
12:25:19,063  INFO XmlBeanDefinitionReader:316 - Loading XML bean definitions from class path resource [spring-business.xml]
12:25:19,823  INFO XmlBeanDefinitionReader:316 - Loading XML bean definitions from class path resource [spring-data.xml]
12:25:20,993  INFO Version:66 - HCANN000001: Hibernate Commons Annotations {4.0.5.Final}
12:25:21,003  INFO Version:54 - HHH000412: Hibernate Core {4.3.8.Final}
12:25:21,007  INFO Environment:239 - HHH000206: hibernate.properties not found
12:25:21,010  INFO Environment:346 - HHH000021: Bytecode provider name : javassist
12:25:21,047  INFO Configuration:2111 - HHH000044: Configuring from URL: jar:file:/Users/Jerome/Documents/AFCEPF/Atod26/Spring-Banque/Sources/BanqueSpring-Data/target/BanqueSpring-Data-0.1.jar!/hibernate.cfg.xml
12:25:21,096  WARN DTDEntityResolver:75 - HHH000223: Recognized obsolete hibernate namespace http://hibernate.sourceforge.net/. Use namespace http://www.hibernate.org/dtd/ instead. Refer to Hibernate 3.6 Migration Guide!
12:25:21,146  INFO Configuration:2216 - HHH000041: Configured SessionFactory: null
12:25:22,034  INFO Dialect:145 - HHH000400: Using dialect: org.hibernate.dialect.MySQLDialect
12:25:22,180  WARN AnnotationBinder:910 - HHH000457: Joined inheritance hierarchy [fr.afcepf.atod26.java.spring.banque.entity.Utilisateur] defined explicit @DiscriminatorColumn.  Legacy Hibernate behavior was to ignore the @DiscriminatorColumn.  However, as part of issue HHH-6911 we now apply the explicit @DiscriminatorColumn.  If you would prefer the legacy behavior, enable the `hibernate.discriminator.ignore_explicit_for_joined` setting (hibernate.discriminator.ignore_explicit_for_joined=true)
12:25:22,391  INFO TransactionFactoryInitiator:62 - HHH000399: Using default transaction strategy (direct JDBC transactions)
12:25:22,398  INFO ASTQueryTranslatorFactory:47 - HHH000397: Using ASTQueryTranslatorFactory
12:25:22,928  INFO SchemaValidator:157 - HHH000229: Running schema validator
12:25:22,928  INFO SchemaValidator:165 - HHH000102: Fetching database metadata
12:25:22,973  INFO TableMetadata:66 - HHH000261: Table found: bdd_banque.Client
12:25:22,974  INFO TableMetadata:67 - HHH000037: Columns: [id_utilisateur]
12:25:22,982  INFO TableMetadata:66 - HHH000261: Table found: bdd_banque.Conseiller
12:25:23,006  INFO TableMetadata:67 - HHH000037: Columns: [id_utilisateur]
12:25:23,017  INFO TableMetadata:66 - HHH000261: Table found: bdd_banque.compte
12:25:23,018  INFO TableMetadata:67 - HHH000037: Columns: [type_de_compte, id_utilisateur, numero_compte, date_de_creation]
12:25:23,026  INFO TableMetadata:66 - HHH000261: Table found: bdd_banque.operation_compte
12:25:23,027  INFO TableMetadata:67 - HHH000037: Columns: [numero_operation, montant, type_operation, date_operation, lesoperation]
12:25:23,038  INFO TableMetadata:66 - HHH000261: Table found: bdd_banque.utilisateur
12:25:23,044  INFO TableMetadata:67 - HHH000037: Columns: [prenom, mail, id_utilisateur, mot_de_passe, type_utilisateur, nom]
12:25:23,267  INFO HibernateTransactionManager:341 - Using DataSource [org.apache.commons.dbcp2.BasicDataSource@1a601065] of Hibernate SessionFactory for HibernateTransactionManager
12:25:23,599 DEBUG SQL:109 - select utilisateu0_.id_utilisateur as id_utili2_4_, utilisateu0_.mail as mail3_4_, utilisateu0_.mot_de_passe as mot_de_p4_4_, utilisateu0_.nom as nom5_4_, utilisateu0_.prenom as prenom6_4_, utilisateu0_.type_utilisateur as type_uti1_4_ from utilisateur utilisateu0_ left outer join Client utilisateu0_1_ on utilisateu0_.id_utilisateur=utilisateu0_1_.id_utilisateur left outer join Conseiller utilisateu0_2_ on utilisateu0_.id_utilisateur=utilisateu0_2_.id_utilisateur where utilisateu0_.mail=? and utilisateu0_.mot_de_passe=?
17:28:28,451  INFO ClassPathXmlApplicationContext:513 - Refreshing org.springframework.context.support.ClassPathXmlApplicationContext@4fc063f6: startup date [Sat Apr 02 17:28:28 CEST 2016]; root of context hierarchy
17:28:28,517  INFO XmlBeanDefinitionReader:316 - Loading XML bean definitions from class path resource [spring-business.xml]
17:28:28,860  INFO XmlBeanDefinitionReader:316 - Loading XML bean definitions from class path resource [spring-data.xml]
17:28:29,593  INFO Version:66 - HCANN000001: Hibernate Commons Annotations {4.0.5.Final}
17:28:29,602  INFO Version:54 - HHH000412: Hibernate Core {4.3.8.Final}
17:28:29,604  INFO Environment:239 - HHH000206: hibernate.properties not found
17:28:29,606  INFO Environment:346 - HHH000021: Bytecode provider name : javassist
17:28:29,633  INFO Configuration:2111 - HHH000044: Configuring from URL: jar:file:/Users/Jerome/Documents/AFCEPF/Atod26/Spring-Banque/Sources/BanqueSpring-Data/target/BanqueSpring-Data-0.1.jar!/hibernate.cfg.xml
17:28:29,664  WARN DTDEntityResolver:75 - HHH000223: Recognized obsolete hibernate namespace http://hibernate.sourceforge.net/. Use namespace http://www.hibernate.org/dtd/ instead. Refer to Hibernate 3.6 Migration Guide!
17:28:29,694  INFO Configuration:2216 - HHH000041: Configured SessionFactory: null
17:28:30,384  INFO Dialect:145 - HHH000400: Using dialect: org.hibernate.dialect.MySQLDialect
17:28:30,514  WARN AnnotationBinder:910 - HHH000457: Joined inheritance hierarchy [fr.afcepf.atod26.java.spring.banque.entity.Utilisateur] defined explicit @DiscriminatorColumn.  Legacy Hibernate behavior was to ignore the @DiscriminatorColumn.  However, as part of issue HHH-6911 we now apply the explicit @DiscriminatorColumn.  If you would prefer the legacy behavior, enable the `hibernate.discriminator.ignore_explicit_for_joined` setting (hibernate.discriminator.ignore_explicit_for_joined=true)
17:28:30,677  INFO TransactionFactoryInitiator:62 - HHH000399: Using default transaction strategy (direct JDBC transactions)
17:28:30,684  INFO ASTQueryTranslatorFactory:47 - HHH000397: Using ASTQueryTranslatorFactory
17:28:31,198  INFO SchemaValidator:157 - HHH000229: Running schema validator
17:28:31,199  INFO SchemaValidator:165 - HHH000102: Fetching database metadata
17:28:31,238  INFO TableMetadata:66 - HHH000261: Table found: bdd_banque.Client
17:28:31,239  INFO TableMetadata:67 - HHH000037: Columns: [id_utilisateur]
17:28:31,244  INFO TableMetadata:66 - HHH000261: Table found: bdd_banque.Conseiller
17:28:31,271  INFO TableMetadata:67 - HHH000037: Columns: [id_utilisateur]
17:28:31,277  INFO TableMetadata:66 - HHH000261: Table found: bdd_banque.compte
17:28:31,278  INFO TableMetadata:67 - HHH000037: Columns: [type_de_compte, id_utilisateur, numero_compte, date_de_creation]
17:28:31,283  INFO TableMetadata:66 - HHH000261: Table found: bdd_banque.operation_compte
17:28:31,284  INFO TableMetadata:67 - HHH000037: Columns: [numero_operation, montant, type_operation, date_operation, lesoperation]
17:28:31,291  INFO TableMetadata:66 - HHH000261: Table found: bdd_banque.utilisateur
17:28:31,291  INFO TableMetadata:67 - HHH000037: Columns: [prenom, mail, id_utilisateur, mot_de_passe, type_utilisateur, nom]
17:28:31,484  INFO HibernateTransactionManager:341 - Using DataSource [org.apache.commons.dbcp2.BasicDataSource@409615d] of Hibernate SessionFactory for HibernateTransactionManager
17:28:31,768 DEBUG SQL:109 - select utilisateu0_.id_utilisateur as id_utili2_4_, utilisateu0_.mail as mail3_4_, utilisateu0_.mot_de_passe as mot_de_p4_4_, utilisateu0_.nom as nom5_4_, utilisateu0_.prenom as prenom6_4_, utilisateu0_.type_utilisateur as type_uti1_4_ from utilisateur utilisateu0_ left outer join Client utilisateu0_1_ on utilisateu0_.id_utilisateur=utilisateu0_1_.id_utilisateur left outer join Conseiller utilisateu0_2_ on utilisateu0_.id_utilisateur=utilisateu0_2_.id_utilisateur where utilisateu0_.mail=? and utilisateu0_.mot_de_passe=?
17:43:21,369  INFO ClassPathXmlApplicationContext:513 - Refreshing org.springframework.context.support.ClassPathXmlApplicationContext@51081592: startup date [Sat Apr 02 17:43:21 CEST 2016]; root of context hierarchy
17:43:21,430  INFO XmlBeanDefinitionReader:316 - Loading XML bean definitions from class path resource [spring-business.xml]
17:43:21,719  INFO XmlBeanDefinitionReader:316 - Loading XML bean definitions from class path resource [spring-data.xml]
17:43:22,260  INFO Version:66 - HCANN000001: Hibernate Commons Annotations {4.0.5.Final}
17:43:22,266  INFO Version:54 - HHH000412: Hibernate Core {4.3.8.Final}
17:43:22,269  INFO Environment:239 - HHH000206: hibernate.properties not found
17:43:22,271  INFO Environment:346 - HHH000021: Bytecode provider name : javassist
17:43:22,292  INFO Configuration:2111 - HHH000044: Configuring from URL: jar:file:/Users/Jerome/Documents/AFCEPF/Atod26/Spring-Banque/Sources/BanqueSpring-Data/target/BanqueSpring-Data-0.1.jar!/hibernate.cfg.xml
17:43:22,326  WARN DTDEntityResolver:75 - HHH000223: Recognized obsolete hibernate namespace http://hibernate.sourceforge.net/. Use namespace http://www.hibernate.org/dtd/ instead. Refer to Hibernate 3.6 Migration Guide!
17:43:22,355  INFO Configuration:2216 - HHH000041: Configured SessionFactory: null
17:43:23,146  INFO Dialect:145 - HHH000400: Using dialect: org.hibernate.dialect.MySQLDialect
17:43:23,354  WARN AnnotationBinder:910 - HHH000457: Joined inheritance hierarchy [fr.afcepf.atod26.java.spring.banque.entity.Utilisateur] defined explicit @DiscriminatorColumn.  Legacy Hibernate behavior was to ignore the @DiscriminatorColumn.  However, as part of issue HHH-6911 we now apply the explicit @DiscriminatorColumn.  If you would prefer the legacy behavior, enable the `hibernate.discriminator.ignore_explicit_for_joined` setting (hibernate.discriminator.ignore_explicit_for_joined=true)
17:43:23,534  INFO TransactionFactoryInitiator:62 - HHH000399: Using default transaction strategy (direct JDBC transactions)
17:43:23,539  INFO ASTQueryTranslatorFactory:47 - HHH000397: Using ASTQueryTranslatorFactory
17:43:24,092  INFO SchemaValidator:157 - HHH000229: Running schema validator
17:43:24,093  INFO SchemaValidator:165 - HHH000102: Fetching database metadata
17:43:24,111  INFO TableMetadata:66 - HHH000261: Table found: bdd_banque.Client
17:43:24,117  INFO TableMetadata:67 - HHH000037: Columns: [id_utilisateur]
17:43:24,133  INFO TableMetadata:66 - HHH000261: Table found: bdd_banque.Conseiller
17:43:24,134  INFO TableMetadata:67 - HHH000037: Columns: [id_utilisateur]
17:43:24,138  INFO TableMetadata:66 - HHH000261: Table found: bdd_banque.compte
17:43:24,138  INFO TableMetadata:67 - HHH000037: Columns: [numero_compte, id_utilisateur, type_de_compte, date_de_creation]
17:43:24,142  INFO TableMetadata:66 - HHH000261: Table found: bdd_banque.operation_compte
17:43:24,143  INFO TableMetadata:67 - HHH000037: Columns: [numero_operation, lesoperation, montant, date_operation, type_operation]
17:43:24,152  INFO TableMetadata:66 - HHH000261: Table found: bdd_banque.utilisateur
17:43:24,157  INFO TableMetadata:67 - HHH000037: Columns: [type_utilisateur, mail, id_utilisateur, mot_de_passe, nom, prenom]
17:43:24,333  INFO HibernateTransactionManager:341 - Using DataSource [org.apache.commons.dbcp2.BasicDataSource@54ec8cc9] of Hibernate SessionFactory for HibernateTransactionManager
17:43:24,814 DEBUG SQL:109 - select utilisateu0_.id_utilisateur as id_utili2_4_, utilisateu0_.mail as mail3_4_, utilisateu0_.mot_de_passe as mot_de_p4_4_, utilisateu0_.nom as nom5_4_, utilisateu0_.prenom as prenom6_4_, utilisateu0_.type_utilisateur as type_uti1_4_ from utilisateur utilisateu0_ left outer join Client utilisateu0_1_ on utilisateu0_.id_utilisateur=utilisateu0_1_.id_utilisateur left outer join Conseiller utilisateu0_2_ on utilisateu0_.id_utilisateur=utilisateu0_2_.id_utilisateur where utilisateu0_.mail=? and utilisateu0_.mot_de_passe=?
18:58:03,163  INFO ClassPathXmlApplicationContext:513 - Refreshing org.springframework.context.support.ClassPathXmlApplicationContext@6d00a15d: startup date [Sat Apr 02 18:58:03 CEST 2016]; root of context hierarchy
18:58:03,245  INFO XmlBeanDefinitionReader:316 - Loading XML bean definitions from class path resource [spring-business.xml]
18:58:03,559  INFO XmlBeanDefinitionReader:316 - Loading XML bean definitions from class path resource [spring-data.xml]
18:59:48,814  INFO ClassPathXmlApplicationContext:513 - Refreshing org.springframework.context.support.ClassPathXmlApplicationContext@3b8628c8: startup date [Sat Apr 02 18:59:48 CEST 2016]; root of context hierarchy
18:59:48,895  INFO XmlBeanDefinitionReader:316 - Loading XML bean definitions from class path resource [spring-business.xml]
18:59:49,246  INFO XmlBeanDefinitionReader:316 - Loading XML bean definitions from class path resource [spring-data.xml]
19:02:19,104  INFO ClassPathXmlApplicationContext:513 - Refreshing org.springframework.context.support.ClassPathXmlApplicationContext@476127f4: startup date [Sat Apr 02 19:02:19 CEST 2016]; root of context hierarchy
19:02:19,173  INFO XmlBeanDefinitionReader:316 - Loading XML bean definitions from class path resource [spring-business.xml]
19:02:19,541  INFO XmlBeanDefinitionReader:316 - Loading XML bean definitions from class path resource [spring-data.xml]
19:03:51,475  INFO ClassPathXmlApplicationContext:513 - Refreshing org.springframework.context.support.ClassPathXmlApplicationContext@2bb34e41: startup date [Sat Apr 02 19:03:51 CEST 2016]; root of context hierarchy
19:03:51,583  INFO XmlBeanDefinitionReader:316 - Loading XML bean definitions from class path resource [spring-business.xml]
19:03:52,060  INFO XmlBeanDefinitionReader:316 - Loading XML bean definitions from class path resource [spring-data.xml]
19:06:52,845  INFO ClassPathXmlApplicationContext:513 - Refreshing org.springframework.context.support.ClassPathXmlApplicationContext@3b8628c8: startup date [Sat Apr 02 19:06:52 CEST 2016]; root of context hierarchy
19:06:52,913  INFO XmlBeanDefinitionReader:316 - Loading XML bean definitions from class path resource [spring-business.xml]
19:06:53,308  INFO XmlBeanDefinitionReader:316 - Loading XML bean definitions from class path resource [spring-data.xml]
19:10:21,724  INFO ClassPathXmlApplicationContext:513 - Refreshing org.springframework.context.support.ClassPathXmlApplicationContext@6f933da1: startup date [Sat Apr 02 19:10:21 CEST 2016]; root of context hierarchy
19:10:21,811  INFO XmlBeanDefinitionReader:316 - Loading XML bean definitions from URL [file:/Users/Jerome/Documents/AFCEPF/Atod26/Spring-Banque/Sources/BanqueSpring-Business/target/classes/spring-business.xml]
19:10:22,225  INFO XmlBeanDefinitionReader:316 - Loading XML bean definitions from class path resource [spring-data.xml]
19:11:40,503  INFO ClassPathXmlApplicationContext:513 - Refreshing org.springframework.context.support.ClassPathXmlApplicationContext@8d6a3d1: startup date [Sat Apr 02 19:11:40 CEST 2016]; root of context hierarchy
19:11:40,583  INFO XmlBeanDefinitionReader:316 - Loading XML bean definitions from URL [file:/Users/Jerome/Documents/AFCEPF/Atod26/Spring-Banque/Sources/BanqueSpring-Business/target/classes/spring-business.xml]
19:16:17,639  INFO ClassPathXmlApplicationContext:513 - Refreshing org.springframework.context.support.ClassPathXmlApplicationContext@6f933da1: startup date [Sat Apr 02 19:16:17 CEST 2016]; root of context hierarchy
19:16:17,715  INFO XmlBeanDefinitionReader:316 - Loading XML bean definitions from URL [file:/Users/Jerome/Documents/AFCEPF/Atod26/Spring-Banque/Sources/BanqueSpring-Business/target/classes/spring-business.xml]
19:18:16,191  INFO ClassPathXmlApplicationContext:513 - Refreshing org.springframework.context.support.ClassPathXmlApplicationContext@3b8628c8: startup date [Sat Apr 02 19:18:16 CEST 2016]; root of context hierarchy
19:18:16,254  INFO XmlBeanDefinitionReader:316 - Loading XML bean definitions from URL [file:/Users/Jerome/Documents/AFCEPF/Atod26/Spring-Banque/Sources/BanqueSpring-Business/target/classes/spring-business.xml]
19:23:20,639  INFO ClassPathXmlApplicationContext:513 - Refreshing org.springframework.context.support.ClassPathXmlApplicationContext@2bb34e41: startup date [Sat Apr 02 19:23:20 CEST 2016]; root of context hierarchy
19:23:20,721  INFO XmlBeanDefinitionReader:316 - Loading XML bean definitions from URL [file:/Users/Jerome/Documents/AFCEPF/Atod26/Spring-Banque/Sources/BanqueSpring-Business/target/classes/spring-business.xml]
19:26:02,131  INFO ClassPathXmlApplicationContext:513 - Refreshing org.springframework.context.support.ClassPathXmlApplicationContext@b454096: startup date [Sat Apr 02 19:26:02 CEST 2016]; root of context hierarchy
19:26:02,205  INFO XmlBeanDefinitionReader:316 - Loading XML bean definitions from URL [file:/Users/Jerome/Documents/AFCEPF/Atod26/Spring-Banque/Sources/BanqueSpring-Business/target/classes/spring-business.xml]
19:34:09,618  INFO ClassPathXmlApplicationContext:513 - Refreshing org.springframework.context.support.ClassPathXmlApplicationContext@6f933da1: startup date [Sat Apr 02 19:34:09 CEST 2016]; root of context hierarchy
19:34:09,689  INFO XmlBeanDefinitionReader:316 - Loading XML bean definitions from URL [file:/Users/Jerome/Documents/AFCEPF/Atod26/Spring-Banque/Sources/BanqueSpring-Business/target/classes/spring-business.xml]
19:35:02,212  INFO ClassPathXmlApplicationContext:513 - Refreshing org.springframework.context.support.ClassPathXmlApplicationContext@3515f1d3: startup date [Sat Apr 02 19:35:02 CEST 2016]; root of context hierarchy
19:35:02,283  INFO XmlBeanDefinitionReader:316 - Loading XML bean definitions from URL [file:/Users/Jerome/Documents/AFCEPF/Atod26/Spring-Banque/Sources/BanqueSpring-Business/target/classes/spring-business.xml]
19:35:37,903  INFO ClassPathXmlApplicationContext:513 - Refreshing org.springframework.context.support.ClassPathXmlApplicationContext@2bb34e41: startup date [Sat Apr 02 19:35:37 CEST 2016]; root of context hierarchy
19:35:37,973  INFO XmlBeanDefinitionReader:316 - Loading XML bean definitions from URL [file:/Users/Jerome/Documents/AFCEPF/Atod26/Spring-Banque/Sources/BanqueSpring-Business/target/classes/spring-business.xml]
19:35:38,416  INFO XmlBeanDefinitionReader:316 - Loading XML bean definitions from class path resource [spring-data.xml]
19:36:13,590  INFO ClassPathXmlApplicationContext:513 - Refreshing org.springframework.context.support.ClassPathXmlApplicationContext@439cf2df: startup date [Sat Apr 02 19:36:13 CEST 2016]; root of context hierarchy
19:36:13,673  INFO XmlBeanDefinitionReader:316 - Loading XML bean definitions from URL [file:/Users/Jerome/Documents/AFCEPF/Atod26/Spring-Banque/Sources/BanqueSpring-Business/target/classes/spring-business.xml]
19:36:14,182  INFO XmlBeanDefinitionReader:316 - Loading XML bean definitions from class path resource [spring-data.xml]
19:36:47,601  INFO ClassPathXmlApplicationContext:513 - Refreshing org.springframework.context.support.ClassPathXmlApplicationContext@3515f1d3: startup date [Sat Apr 02 19:36:47 CEST 2016]; root of context hierarchy
19:36:47,675  INFO XmlBeanDefinitionReader:316 - Loading XML bean definitions from URL [file:/Users/Jerome/Documents/AFCEPF/Atod26/Spring-Banque/Sources/BanqueSpring-Business/target/classes/spring-business.xml]
19:40:00,377  INFO ClassPathXmlApplicationContext:513 - Refreshing org.springframework.context.support.ClassPathXmlApplicationContext@6c10fa4d: startup date [Sat Apr 02 19:40:00 CEST 2016]; root of context hierarchy
19:40:00,444  INFO XmlBeanDefinitionReader:316 - Loading XML bean definitions from URL [file:/Users/Jerome/Documents/AFCEPF/Atod26/Spring-Banque/Sources/BanqueSpring-Business/target/classes/spring-business.xml]
19:40:00,833  INFO XmlBeanDefinitionReader:316 - Loading XML bean definitions from class path resource [spring-data.xml]
