09:50:04,411  INFO ClassPathXmlApplicationContext:513 - Refreshing org.springframework.context.support.ClassPathXmlApplicationContext@48e18517: startup date [Mon Apr 04 09:50:04 CEST 2016]; root of context hierarchy
09:50:04,457  INFO XmlBeanDefinitionReader:316 - Loading XML bean definitions from class path resource [spring-business.xml]
09:50:04,676  INFO XmlBeanDefinitionReader:316 - Loading XML bean definitions from class path resource [spring-data.xml]
09:50:05,222  INFO Version:66 - HCANN000001: Hibernate Commons Annotations {4.0.5.Final}
09:50:05,222  INFO Version:54 - HHH000412: Hibernate Core {4.3.8.Final}
09:50:05,222  INFO Environment:239 - HHH000206: hibernate.properties not found
09:50:05,222  INFO Environment:346 - HHH000021: Bytecode provider name : javassist
09:50:05,254  INFO Configuration:2111 - HHH000044: Configuring from URL: jar:file:/D:/Tools-dev/Projet-Test/BanqueSpring/BanqueSpring-Data/target/BanqueSpring-Data-0.1.jar!/hibernate.cfg.xml
09:50:05,270  WARN DTDEntityResolver:75 - HHH000223: Recognized obsolete hibernate namespace http://hibernate.sourceforge.net/. Use namespace http://www.hibernate.org/dtd/ instead. Refer to Hibernate 3.6 Migration Guide!
09:50:05,301  INFO Configuration:2216 - HHH000041: Configured SessionFactory: null
09:50:05,753  INFO Dialect:145 - HHH000400: Using dialect: org.hibernate.dialect.PostgreSQLDialect
09:50:05,769  INFO LobCreatorBuilder:123 - HHH000424: Disabling contextual LOB creation as createClob() method threw error : java.lang.reflect.InvocationTargetException
09:50:05,831  WARN AnnotationBinder:910 - HHH000457: Joined inheritance hierarchy [fr.afcepf.atod26.java.spring.banque.entity.Utilisateur] defined explicit @DiscriminatorColumn.  Legacy Hibernate behavior was to ignore the @DiscriminatorColumn.  However, as part of issue HHH-6911 we now apply the explicit @DiscriminatorColumn.  If you would prefer the legacy behavior, enable the `hibernate.discriminator.ignore_explicit_for_joined` setting (hibernate.discriminator.ignore_explicit_for_joined=true)
09:50:05,956  INFO TransactionFactoryInitiator:62 - HHH000399: Using default transaction strategy (direct JDBC transactions)
09:50:05,956  INFO ASTQueryTranslatorFactory:47 - HHH000397: Using ASTQueryTranslatorFactory
09:50:06,377  INFO SchemaValidator:157 - HHH000229: Running schema validator
09:50:06,377  INFO SchemaValidator:165 - HHH000102: Fetching database metadata
09:50:06,408  INFO TableMetadata:66 - HHH000261: Table found: public.client
09:50:06,408  INFO TableMetadata:67 - HHH000037: Columns: [id_utilisateur]
09:50:06,408  INFO TableMetadata:66 - HHH000261: Table found: public.conseiller
09:50:06,424  INFO TableMetadata:67 - HHH000037: Columns: [id_utilisateur]
09:50:06,425  INFO TableMetadata:66 - HHH000261: Table found: public.compte
09:50:06,425  INFO TableMetadata:67 - HHH000037: Columns: [type_de_compte, id_utilisateur, numero_compte, date_de_creation]
09:50:06,425  INFO TableMetadata:66 - HHH000261: Table found: public.operation_compte
09:50:06,441  INFO TableMetadata:67 - HHH000037: Columns: [numero_operation, montant, type_operation, date_operation, lesoperation]
09:50:06,441  INFO TableMetadata:66 - HHH000261: Table found: public.utilisateur
09:50:06,441  INFO TableMetadata:67 - HHH000037: Columns: [prenom, mail, id_utilisateur, mot_de_passe, type_utilisateur, nom]
09:50:06,565  INFO HibernateTransactionManager:341 - Using DataSource [org.apache.commons.dbcp2.BasicDataSource@16f88474] of Hibernate SessionFactory for HibernateTransactionManager
09:50:06,799 DEBUG SQL:109 - select utilisateu0_.id_utilisateur as id_utili2_4_, utilisateu0_.mail as mail3_4_, utilisateu0_.mot_de_passe as mot_de_p4_4_, utilisateu0_.nom as nom5_4_, utilisateu0_.prenom as prenom6_4_, utilisateu0_.type_utilisateur as type_uti1_4_ from utilisateur utilisateu0_ left outer join Client utilisateu0_1_ on utilisateu0_.id_utilisateur=utilisateu0_1_.id_utilisateur left outer join Conseiller utilisateu0_2_ on utilisateu0_.id_utilisateur=utilisateu0_2_.id_utilisateur where utilisateu0_.mail=? and utilisateu0_.mot_de_passe=?
11:20:11,947  INFO ClassPathXmlApplicationContext:513 - Refreshing org.springframework.context.support.ClassPathXmlApplicationContext@6f45abe3: startup date [Mon Apr 04 11:20:11 CEST 2016]; root of context hierarchy
11:20:12,023  INFO XmlBeanDefinitionReader:316 - Loading XML bean definitions from class path resource [spring-business.xml]
11:20:12,305  INFO XmlBeanDefinitionReader:316 - Loading XML bean definitions from class path resource [spring-data.xml]
11:20:12,951  INFO Version:66 - HCANN000001: Hibernate Commons Annotations {4.0.5.Final}
11:20:12,957  INFO Version:54 - HHH000412: Hibernate Core {4.3.8.Final}
11:20:12,959  INFO Environment:239 - HHH000206: hibernate.properties not found
11:20:12,961  INFO Environment:346 - HHH000021: Bytecode provider name : javassist
11:20:12,987  INFO Configuration:2111 - HHH000044: Configuring from URL: jar:file:/D:/Tools-dev/Projet-Test/BanqueSpring/BanqueSpring-Data/target/BanqueSpring-Data-0.1.jar!/hibernate.cfg.xml
11:20:13,022  WARN DTDEntityResolver:75 - HHH000223: Recognized obsolete hibernate namespace http://hibernate.sourceforge.net/. Use namespace http://www.hibernate.org/dtd/ instead. Refer to Hibernate 3.6 Migration Guide!
11:20:13,051  INFO Configuration:2216 - HHH000041: Configured SessionFactory: null
11:20:13,597  INFO Dialect:145 - HHH000400: Using dialect: org.hibernate.dialect.PostgreSQLDialect
11:20:13,612  INFO LobCreatorBuilder:123 - HHH000424: Disabling contextual LOB creation as createClob() method threw error : java.lang.reflect.InvocationTargetException
11:20:13,684  WARN AnnotationBinder:910 - HHH000457: Joined inheritance hierarchy [fr.afcepf.atod26.java.spring.banque.entity.Utilisateur] defined explicit @DiscriminatorColumn.  Legacy Hibernate behavior was to ignore the @DiscriminatorColumn.  However, as part of issue HHH-6911 we now apply the explicit @DiscriminatorColumn.  If you would prefer the legacy behavior, enable the `hibernate.discriminator.ignore_explicit_for_joined` setting (hibernate.discriminator.ignore_explicit_for_joined=true)
11:20:13,840  INFO TransactionFactoryInitiator:62 - HHH000399: Using default transaction strategy (direct JDBC transactions)
11:20:13,845  INFO ASTQueryTranslatorFactory:47 - HHH000397: Using ASTQueryTranslatorFactory
11:20:14,339  INFO SchemaValidator:157 - HHH000229: Running schema validator
11:20:14,341  INFO SchemaValidator:165 - HHH000102: Fetching database metadata
11:20:14,364  INFO TableMetadata:66 - HHH000261: Table found: public.client
11:20:14,365  INFO TableMetadata:67 - HHH000037: Columns: [id_utilisateur]
11:20:14,371  INFO TableMetadata:66 - HHH000261: Table found: public.conseiller
11:20:14,372  INFO TableMetadata:67 - HHH000037: Columns: [id_utilisateur]
11:20:14,381  INFO TableMetadata:66 - HHH000261: Table found: public.compte
11:20:14,381  INFO TableMetadata:67 - HHH000037: Columns: [type_de_compte, id_utilisateur, numero_compte, date_de_creation]
11:20:14,389  INFO TableMetadata:66 - HHH000261: Table found: public.operation_compte
11:20:14,389  INFO TableMetadata:67 - HHH000037: Columns: [numero_operation, montant, type_operation, date_operation, lesoperation]
11:20:14,399  INFO TableMetadata:66 - HHH000261: Table found: public.utilisateur
11:20:14,399  INFO TableMetadata:67 - HHH000037: Columns: [prenom, mail, id_utilisateur, mot_de_passe, type_utilisateur, nom]
11:20:14,546  INFO HibernateTransactionManager:341 - Using DataSource [org.apache.commons.dbcp2.BasicDataSource@55e4b5a2] of Hibernate SessionFactory for HibernateTransactionManager
11:20:14,789 DEBUG SQL:109 - select utilisateu0_.id_utilisateur as id_utili2_4_, utilisateu0_.mail as mail3_4_, utilisateu0_.mot_de_passe as mot_de_p4_4_, utilisateu0_.nom as nom5_4_, utilisateu0_.prenom as prenom6_4_, utilisateu0_.type_utilisateur as type_uti1_4_ from utilisateur utilisateu0_ left outer join Client utilisateu0_1_ on utilisateu0_.id_utilisateur=utilisateu0_1_.id_utilisateur left outer join Conseiller utilisateu0_2_ on utilisateu0_.id_utilisateur=utilisateu0_2_.id_utilisateur where utilisateu0_.mail=? and utilisateu0_.mot_de_passe=?
11:39:10,710  INFO ClassPathXmlApplicationContext:513 - Refreshing org.springframework.context.support.ClassPathXmlApplicationContext@48e18517: startup date [Mon Apr 04 11:39:10 CEST 2016]; root of context hierarchy
11:39:10,773  INFO XmlBeanDefinitionReader:316 - Loading XML bean definitions from class path resource [spring-business.xml]
11:39:10,994  INFO XmlBeanDefinitionReader:316 - Loading XML bean definitions from class path resource [src/main/resources/spring-data.xml]
