<<<<<<< HEAD
10:03:30,551  INFO ClassPathXmlApplicationContext:513 - Refreshing org.springframework.context.support.ClassPathXmlApplicationContext@43e09e6a: startup date [Sun Apr 03 10:03:30 CEST 2016]; root of context hierarchy
10:03:30,620  INFO XmlBeanDefinitionReader:316 - Loading XML bean definitions from class path resource [spring-business.xml]
10:03:30,977  INFO XmlBeanDefinitionReader:316 - Loading XML bean definitions from class path resource [spring-data.xml]
10:03:31,678  INFO Version:66 - HCANN000001: Hibernate Commons Annotations {4.0.5.Final}
10:03:31,685  INFO Version:54 - HHH000412: Hibernate Core {4.3.8.Final}
10:03:31,688  INFO Environment:239 - HHH000206: hibernate.properties not found
10:03:31,690  INFO Environment:346 - HHH000021: Bytecode provider name : javassist
10:03:31,717  INFO Configuration:2111 - HHH000044: Configuring from URL: jar:file:/Users/Jerome/Documents/AFCEPF/Atod26/Spring-Banque/Sources/BanqueSpring-Data/target/BanqueSpring-Data-0.1.jar!/hibernate.cfg.xml
10:03:31,755  WARN DTDEntityResolver:75 - HHH000223: Recognized obsolete hibernate namespace http://hibernate.sourceforge.net/. Use namespace http://www.hibernate.org/dtd/ instead. Refer to Hibernate 3.6 Migration Guide!
10:03:31,800  INFO Configuration:2216 - HHH000041: Configured SessionFactory: null
10:03:32,443  INFO Dialect:145 - HHH000400: Using dialect: org.hibernate.dialect.MySQLDialect
10:03:32,565  WARN AnnotationBinder:910 - HHH000457: Joined inheritance hierarchy [fr.afcepf.atod26.java.spring.banque.entity.Utilisateur] defined explicit @DiscriminatorColumn.  Legacy Hibernate behavior was to ignore the @DiscriminatorColumn.  However, as part of issue HHH-6911 we now apply the explicit @DiscriminatorColumn.  If you would prefer the legacy behavior, enable the `hibernate.discriminator.ignore_explicit_for_joined` setting (hibernate.discriminator.ignore_explicit_for_joined=true)
10:03:32,718  INFO TransactionFactoryInitiator:62 - HHH000399: Using default transaction strategy (direct JDBC transactions)
10:03:32,725  INFO ASTQueryTranslatorFactory:47 - HHH000397: Using ASTQueryTranslatorFactory
10:03:33,350  INFO SchemaValidator:157 - HHH000229: Running schema validator
10:03:33,351  INFO SchemaValidator:165 - HHH000102: Fetching database metadata
10:03:33,387  INFO TableMetadata:66 - HHH000261: Table found: bdd_banque.Client
10:03:33,388  INFO TableMetadata:67 - HHH000037: Columns: [id_utilisateur]
10:03:33,393  INFO TableMetadata:66 - HHH000261: Table found: bdd_banque.Conseiller
10:03:33,417  INFO TableMetadata:67 - HHH000037: Columns: [id_utilisateur]
10:03:33,423  INFO TableMetadata:66 - HHH000261: Table found: bdd_banque.compte
10:03:33,424  INFO TableMetadata:67 - HHH000037: Columns: [type_de_compte, id_utilisateur, numero_compte, date_de_creation]
10:03:33,430  INFO TableMetadata:66 - HHH000261: Table found: bdd_banque.operation_compte
10:03:33,430  INFO TableMetadata:67 - HHH000037: Columns: [numero_operation, montant, type_operation, date_operation, lesoperation]
10:03:33,437  INFO TableMetadata:66 - HHH000261: Table found: bdd_banque.utilisateur
10:03:33,437  INFO TableMetadata:67 - HHH000037: Columns: [prenom, mail, id_utilisateur, mot_de_passe, type_utilisateur, nom]
10:03:33,590  INFO HibernateTransactionManager:341 - Using DataSource [org.apache.commons.dbcp2.BasicDataSource@409615d] of Hibernate SessionFactory for HibernateTransactionManager
10:03:33,862 DEBUG SQL:109 - select utilisateu0_.id_utilisateur as id_utili2_4_, utilisateu0_.mail as mail3_4_, utilisateu0_.mot_de_passe as mot_de_p4_4_, utilisateu0_.nom as nom5_4_, utilisateu0_.prenom as prenom6_4_, utilisateu0_.type_utilisateur as type_uti1_4_ from utilisateur utilisateu0_ left outer join Client utilisateu0_1_ on utilisateu0_.id_utilisateur=utilisateu0_1_.id_utilisateur left outer join Conseiller utilisateu0_2_ on utilisateu0_.id_utilisateur=utilisateu0_2_.id_utilisateur where utilisateu0_.mail=? and utilisateu0_.mot_de_passe=?
=======
10:06:39,468  INFO ClassPathXmlApplicationContext:513 - Refreshing org.springframework.context.support.ClassPathXmlApplicationContext@4ea10ca8: startup date [Sun Apr 03 10:06:39 CEST 2016]; root of context hierarchy
10:06:39,530  INFO XmlBeanDefinitionReader:316 - Loading XML bean definitions from URL [file:/Users/Jerome/Documents/AFCEPF/Atod26/Spring-Banque/Sources/BanqueSpring-Business/target/classes/spring-business.xml]
10:06:39,855  INFO XmlBeanDefinitionReader:316 - Loading XML bean definitions from class path resource [spring-data.xml]
>>>>>>> c4249663550232241af41f271a544f3eeb31af52
