09:13:35,645  INFO ClassPathXmlApplicationContext:513 - Refreshing org.springframework.context.support.ClassPathXmlApplicationContext@529b2735: startup date [Tue Apr 05 09:13:35 CEST 2016]; root of context hierarchy
09:13:35,692  INFO XmlBeanDefinitionReader:316 - Loading XML bean definitions from class path resource [spring-data.xml]
09:13:36,347  INFO Version:66 - HCANN000001: Hibernate Commons Annotations {4.0.5.Final}
09:13:36,363  INFO Version:54 - HHH000412: Hibernate Core {4.3.8.Final}
09:13:36,363  INFO Environment:239 - HHH000206: hibernate.properties not found
09:13:36,363  INFO Environment:346 - HHH000021: Bytecode provider name : javassist
09:13:36,378  INFO Configuration:2111 - HHH000044: Configuring from URL: file:/D:/Tools-dev/Projet-Test/BanqueSpring/BanqueSpring-Data/target/classes/hibernate.cfg.xml
09:13:36,411  WARN DTDEntityResolver:75 - HHH000223: Recognized obsolete hibernate namespace http://hibernate.sourceforge.net/. Use namespace http://www.hibernate.org/dtd/ instead. Refer to Hibernate 3.6 Migration Guide!
09:13:36,442  INFO Configuration:2216 - HHH000041: Configured SessionFactory: null
09:13:36,894  INFO Dialect:145 - HHH000400: Using dialect: org.hibernate.dialect.PostgreSQLDialect
09:13:36,910  INFO LobCreatorBuilder:123 - HHH000424: Disabling contextual LOB creation as createClob() method threw error : java.lang.reflect.InvocationTargetException
09:13:36,988  WARN AnnotationBinder:910 - HHH000457: Joined inheritance hierarchy [fr.afcepf.atod26.java.spring.banque.entity.Utilisateur] defined explicit @DiscriminatorColumn.  Legacy Hibernate behavior was to ignore the @DiscriminatorColumn.  However, as part of issue HHH-6911 we now apply the explicit @DiscriminatorColumn.  If you would prefer the legacy behavior, enable the `hibernate.discriminator.ignore_explicit_for_joined` setting (hibernate.discriminator.ignore_explicit_for_joined=true)
09:13:37,113  INFO TransactionFactoryInitiator:62 - HHH000399: Using default transaction strategy (direct JDBC transactions)
09:13:37,113  INFO ASTQueryTranslatorFactory:47 - HHH000397: Using ASTQueryTranslatorFactory
09:13:37,503  INFO SchemaValidator:157 - HHH000229: Running schema validator
09:13:37,503  INFO SchemaValidator:165 - HHH000102: Fetching database metadata
09:13:37,518  INFO TableMetadata:66 - HHH000261: Table found: public.client
09:13:37,518  INFO TableMetadata:67 - HHH000037: Columns: [id_utilisateur]
09:13:37,518  INFO TableMetadata:66 - HHH000261: Table found: public.conseiller
09:13:37,518  INFO TableMetadata:67 - HHH000037: Columns: [id_utilisateur]
09:13:37,535  INFO TableMetadata:66 - HHH000261: Table found: public.compte
09:13:37,535  INFO TableMetadata:67 - HHH000037: Columns: [type_de_compte, id_utilisateur, numero_compte, date_de_creation]
09:13:37,535  INFO TableMetadata:66 - HHH000261: Table found: public.operation_compte
09:13:37,535  INFO TableMetadata:67 - HHH000037: Columns: [numero_operation, montant, type_operation, date_operation, lesoperation]
09:13:37,550  INFO TableMetadata:66 - HHH000261: Table found: public.utilisateur
09:13:37,550  INFO TableMetadata:67 - HHH000037: Columns: [prenom, mail, id_utilisateur, mot_de_passe, type_utilisateur, nom]
09:13:37,644  INFO HibernateTransactionManager:341 - Using DataSource [org.apache.commons.dbcp2.BasicDataSource@26dd8cb9] of Hibernate SessionFactory for HibernateTransactionManager
09:13:37,722 DEBUG SQL:109 - select this_.id_utilisateur as id_utili2_4_0_, this_1_.mail as mail3_4_0_, this_1_.mot_de_passe as mot_de_p4_4_0_, this_1_.nom as nom5_4_0_, this_1_.prenom as prenom6_4_0_ from Client this_ inner join utilisateur this_1_ on this_.id_utilisateur=this_1_.id_utilisateur
09:13:37,784  INFO ClassPathXmlApplicationContext:513 - Refreshing org.springframework.context.support.ClassPathXmlApplicationContext@5f33bcc2: startup date [Tue Apr 05 09:13:37 CEST 2016]; root of context hierarchy
09:13:37,784  INFO XmlBeanDefinitionReader:316 - Loading XML bean definitions from class path resource [spring-data.xml]
09:13:37,894  INFO Configuration:2111 - HHH000044: Configuring from URL: file:/D:/Tools-dev/Projet-Test/BanqueSpring/BanqueSpring-Data/target/classes/hibernate.cfg.xml
09:13:37,894  WARN DTDEntityResolver:75 - HHH000223: Recognized obsolete hibernate namespace http://hibernate.sourceforge.net/. Use namespace http://www.hibernate.org/dtd/ instead. Refer to Hibernate 3.6 Migration Guide!
09:13:37,894  INFO Configuration:2216 - HHH000041: Configured SessionFactory: null
09:13:38,112  INFO Dialect:145 - HHH000400: Using dialect: org.hibernate.dialect.PostgreSQLDialect
09:13:38,112  INFO LobCreatorBuilder:123 - HHH000424: Disabling contextual LOB creation as createClob() method threw error : java.lang.reflect.InvocationTargetException
09:13:38,112  WARN AnnotationBinder:910 - HHH000457: Joined inheritance hierarchy [fr.afcepf.atod26.java.spring.banque.entity.Utilisateur] defined explicit @DiscriminatorColumn.  Legacy Hibernate behavior was to ignore the @DiscriminatorColumn.  However, as part of issue HHH-6911 we now apply the explicit @DiscriminatorColumn.  If you would prefer the legacy behavior, enable the `hibernate.discriminator.ignore_explicit_for_joined` setting (hibernate.discriminator.ignore_explicit_for_joined=true)
09:13:38,128  INFO TransactionFactoryInitiator:62 - HHH000399: Using default transaction strategy (direct JDBC transactions)
09:13:38,128  INFO ASTQueryTranslatorFactory:47 - HHH000397: Using ASTQueryTranslatorFactory
09:13:38,159  INFO SchemaValidator:157 - HHH000229: Running schema validator
09:13:38,159  INFO SchemaValidator:165 - HHH000102: Fetching database metadata
09:13:38,159  INFO TableMetadata:66 - HHH000261: Table found: public.client
09:13:38,159  INFO TableMetadata:67 - HHH000037: Columns: [id_utilisateur]
09:13:38,174  INFO TableMetadata:66 - HHH000261: Table found: public.conseiller
09:13:38,174  INFO TableMetadata:67 - HHH000037: Columns: [id_utilisateur]
09:13:38,174  INFO TableMetadata:66 - HHH000261: Table found: public.compte
09:13:38,174  INFO TableMetadata:67 - HHH000037: Columns: [type_de_compte, id_utilisateur, numero_compte, date_de_creation]
09:13:38,174  INFO TableMetadata:66 - HHH000261: Table found: public.operation_compte
09:13:38,190  INFO TableMetadata:67 - HHH000037: Columns: [numero_operation, montant, type_operation, date_operation, lesoperation]
09:13:38,190  INFO TableMetadata:66 - HHH000261: Table found: public.utilisateur
09:13:38,190  INFO TableMetadata:67 - HHH000037: Columns: [prenom, mail, id_utilisateur, mot_de_passe, type_utilisateur, nom]
09:13:38,206  INFO HibernateTransactionManager:341 - Using DataSource [org.apache.commons.dbcp2.BasicDataSource@38b8ea59] of Hibernate SessionFactory for HibernateTransactionManager
09:13:38,346 DEBUG SQL:109 - select utilisateu0_.id_utilisateur as id_utili2_4_, utilisateu0_.mail as mail3_4_, utilisateu0_.mot_de_passe as mot_de_p4_4_, utilisateu0_.nom as nom5_4_, utilisateu0_.prenom as prenom6_4_, utilisateu0_.type_utilisateur as type_uti1_4_ from utilisateur utilisateu0_ left outer join Client utilisateu0_1_ on utilisateu0_.id_utilisateur=utilisateu0_1_.id_utilisateur left outer join Conseiller utilisateu0_2_ on utilisateu0_.id_utilisateur=utilisateu0_2_.id_utilisateur where utilisateu0_.mail=? and utilisateu0_.mot_de_passe=?
