12:22:32,797  INFO ClassPathXmlApplicationContext:513 - Refreshing org.springframework.context.support.ClassPathXmlApplicationContext@4520ebad: startup date [Mon Mar 28 12:22:32 CEST 2016]; root of context hierarchy
12:22:32,858  INFO XmlBeanDefinitionReader:316 - Loading XML bean definitions from class path resource [spring-data.xml]
12:22:33,684  INFO Version:66 - HCANN000001: Hibernate Commons Annotations {4.0.5.Final}
12:22:33,692  INFO Version:54 - HHH000412: Hibernate Core {4.3.8.Final}
12:22:33,694  INFO Environment:239 - HHH000206: hibernate.properties not found
12:22:33,697  INFO Environment:346 - HHH000021: Bytecode provider name : javassist
12:22:33,720  INFO Configuration:2111 - HHH000044: Configuring from URL: file:/Users/Jerome/Documents/AFCEPF/Atod26/Spring-Banque/Sources/BanqueSpring-Data/target/classes/hibernate.cfg.xml
12:22:33,769  WARN DTDEntityResolver:75 - HHH000223: Recognized obsolete hibernate namespace http://hibernate.sourceforge.net/. Use namespace http://www.hibernate.org/dtd/ instead. Refer to Hibernate 3.6 Migration Guide!
12:22:33,844  INFO Configuration:2216 - HHH000041: Configured SessionFactory: null
12:22:34,561  INFO Dialect:145 - HHH000400: Using dialect: org.hibernate.dialect.MySQLDialect
12:22:34,750  WARN AnnotationBinder:910 - HHH000457: Joined inheritance hierarchy [fr.afcepf.atod26.java.spring.banque.entity.Utilisateur] defined explicit @DiscriminatorColumn.  Legacy Hibernate behavior was to ignore the @DiscriminatorColumn.  However, as part of issue HHH-6911 we now apply the explicit @DiscriminatorColumn.  If you would prefer the legacy behavior, enable the `hibernate.discriminator.ignore_explicit_for_joined` setting (hibernate.discriminator.ignore_explicit_for_joined=true)
12:22:34,948  INFO TransactionFactoryInitiator:62 - HHH000399: Using default transaction strategy (direct JDBC transactions)
12:22:34,954  INFO ASTQueryTranslatorFactory:47 - HHH000397: Using ASTQueryTranslatorFactory
12:22:35,359  INFO SchemaValidator:157 - HHH000229: Running schema validator
12:22:35,359  INFO SchemaValidator:165 - HHH000102: Fetching database metadata
12:22:35,375  INFO TableMetadata:66 - HHH000261: Table found: bdd_banque.Client
12:22:35,378  INFO TableMetadata:67 - HHH000037: Columns: [id_utilisateur]
12:22:35,382  INFO TableMetadata:66 - HHH000261: Table found: bdd_banque.Conseiller
12:22:35,383  INFO TableMetadata:67 - HHH000037: Columns: [id_utilisateur]
12:22:35,388  INFO TableMetadata:66 - HHH000261: Table found: bdd_banque.compte
12:22:35,390  INFO TableMetadata:67 - HHH000037: Columns: [numero_compte, id_utilisateur, type_de_compte, date_de_creation]
12:22:35,394  INFO TableMetadata:66 - HHH000261: Table found: bdd_banque.operation_compte
12:22:35,395  INFO TableMetadata:67 - HHH000037: Columns: [numero_operation, lesoperation, montant, date_operation, type_operation]
12:22:35,399  INFO TableMetadata:66 - HHH000261: Table found: bdd_banque.utilisateur
12:22:35,400  INFO TableMetadata:67 - HHH000037: Columns: [type_utilisateur, mail, id_utilisateur, mot_de_passe, nom, prenom]
12:22:35,522  INFO HibernateTransactionManager:341 - Using DataSource [org.apache.commons.dbcp2.BasicDataSource@173b9122] of Hibernate SessionFactory for HibernateTransactionManager
12:22:35,640 DEBUG SQL:109 - select this_.id_utilisateur as id_utili2_4_0_, this_1_.mail as mail3_4_0_, this_1_.mot_de_passe as mot_de_p4_4_0_, this_1_.nom as nom5_4_0_, this_1_.prenom as prenom6_4_0_ from Client this_ inner join utilisateur this_1_ on this_.id_utilisateur=this_1_.id_utilisateur
12:22:35,793  INFO ClassPathXmlApplicationContext:513 - Refreshing org.springframework.context.support.ClassPathXmlApplicationContext@456abb66: startup date [Mon Mar 28 12:22:35 CEST 2016]; root of context hierarchy
12:22:35,797  INFO XmlBeanDefinitionReader:316 - Loading XML bean definitions from class path resource [spring-data.xml]
12:22:35,928  INFO Configuration:2111 - HHH000044: Configuring from URL: file:/Users/Jerome/Documents/AFCEPF/Atod26/Spring-Banque/Sources/BanqueSpring-Data/target/classes/hibernate.cfg.xml
12:22:35,937  WARN DTDEntityResolver:75 - HHH000223: Recognized obsolete hibernate namespace http://hibernate.sourceforge.net/. Use namespace http://www.hibernate.org/dtd/ instead. Refer to Hibernate 3.6 Migration Guide!
12:22:35,957  INFO Configuration:2216 - HHH000041: Configured SessionFactory: null
12:22:36,013  INFO Dialect:145 - HHH000400: Using dialect: org.hibernate.dialect.MySQLDialect
12:22:36,015  WARN AnnotationBinder:910 - HHH000457: Joined inheritance hierarchy [fr.afcepf.atod26.java.spring.banque.entity.Utilisateur] defined explicit @DiscriminatorColumn.  Legacy Hibernate behavior was to ignore the @DiscriminatorColumn.  However, as part of issue HHH-6911 we now apply the explicit @DiscriminatorColumn.  If you would prefer the legacy behavior, enable the `hibernate.discriminator.ignore_explicit_for_joined` setting (hibernate.discriminator.ignore_explicit_for_joined=true)
12:22:36,045  INFO TransactionFactoryInitiator:62 - HHH000399: Using default transaction strategy (direct JDBC transactions)
12:22:36,047  INFO ASTQueryTranslatorFactory:47 - HHH000397: Using ASTQueryTranslatorFactory
12:22:36,119  INFO SchemaValidator:157 - HHH000229: Running schema validator
12:22:36,120  INFO SchemaValidator:165 - HHH000102: Fetching database metadata
12:22:36,125  INFO TableMetadata:66 - HHH000261: Table found: bdd_banque.Client
12:22:36,126  INFO TableMetadata:67 - HHH000037: Columns: [id_utilisateur]
12:22:36,133  INFO TableMetadata:66 - HHH000261: Table found: bdd_banque.Conseiller
12:22:36,133  INFO TableMetadata:67 - HHH000037: Columns: [id_utilisateur]
12:22:36,137  INFO TableMetadata:66 - HHH000261: Table found: bdd_banque.compte
12:22:36,139  INFO TableMetadata:67 - HHH000037: Columns: [numero_compte, id_utilisateur, type_de_compte, date_de_creation]
12:22:36,144  INFO TableMetadata:66 - HHH000261: Table found: bdd_banque.operation_compte
12:22:36,146  INFO TableMetadata:67 - HHH000037: Columns: [numero_operation, lesoperation, montant, date_operation, type_operation]
12:22:36,153  INFO TableMetadata:66 - HHH000261: Table found: bdd_banque.utilisateur
12:22:36,154  INFO TableMetadata:67 - HHH000037: Columns: [type_utilisateur, mail, id_utilisateur, mot_de_passe, nom, prenom]
12:22:36,170  INFO HibernateTransactionManager:341 - Using DataSource [org.apache.commons.dbcp2.BasicDataSource@408a247c] of Hibernate SessionFactory for HibernateTransactionManager
12:22:36,395 DEBUG SQL:109 - select utilisateu0_.id_utilisateur as id_utili2_4_, utilisateu0_.mail as mail3_4_, utilisateu0_.mot_de_passe as mot_de_p4_4_, utilisateu0_.nom as nom5_4_, utilisateu0_.prenom as prenom6_4_, utilisateu0_.type_utilisateur as type_uti1_4_ from utilisateur utilisateu0_ left outer join Client utilisateu0_1_ on utilisateu0_.id_utilisateur=utilisateu0_1_.id_utilisateur left outer join Conseiller utilisateu0_2_ on utilisateu0_.id_utilisateur=utilisateu0_2_.id_utilisateur where utilisateu0_.mail=? and utilisateu0_.mot_de_passe=?
