11:25:25,640  INFO ClassPathXmlApplicationContext:513 - Refreshing org.springframework.context.support.ClassPathXmlApplicationContext@27c1e949: startup date [Sat Apr 02 11:25:25 CEST 2016]; root of context hierarchy
11:25:25,715  INFO XmlBeanDefinitionReader:316 - Loading XML bean definitions from class path resource [spring-data.xml]
11:25:26,692  INFO Version:66 - HCANN000001: Hibernate Commons Annotations {4.0.5.Final}
11:25:26,702  INFO Version:54 - HHH000412: Hibernate Core {4.3.8.Final}
11:25:26,705  INFO Environment:239 - HHH000206: hibernate.properties not found
11:25:26,707  INFO Environment:346 - HHH000021: Bytecode provider name : javassist
11:25:26,746  INFO Configuration:2111 - HHH000044: Configuring from URL: file:/Users/Jerome/Documents/AFCEPF/Atod26/Spring-Banque/Sources/BanqueSpring-Data/target/classes/hibernate.cfg.xml
11:25:26,789  WARN DTDEntityResolver:75 - HHH000223: Recognized obsolete hibernate namespace http://hibernate.sourceforge.net/. Use namespace http://www.hibernate.org/dtd/ instead. Refer to Hibernate 3.6 Migration Guide!
11:25:26,839  INFO Configuration:2216 - HHH000041: Configured SessionFactory: null
11:25:27,017  WARN JdbcServicesImpl:204 - HHH000342: Could not obtain connection to query metadata : Cannot load JDBC driver class 'com.mysql.jdbc.Driver'
11:25:27,029  INFO Dialect:145 - HHH000400: Using dialect: org.hibernate.dialect.MySQLDialect
11:25:27,042  INFO LobCreatorBuilder:88 - HHH000422: Disabling contextual LOB creation as connection was null
11:25:27,147  WARN AnnotationBinder:910 - HHH000457: Joined inheritance hierarchy [fr.afcepf.atod26.java.spring.banque.entity.Utilisateur] defined explicit @DiscriminatorColumn.  Legacy Hibernate behavior was to ignore the @DiscriminatorColumn.  However, as part of issue HHH-6911 we now apply the explicit @DiscriminatorColumn.  If you would prefer the legacy behavior, enable the `hibernate.discriminator.ignore_explicit_for_joined` setting (hibernate.discriminator.ignore_explicit_for_joined=true)
11:25:27,341  INFO TransactionFactoryInitiator:62 - HHH000399: Using default transaction strategy (direct JDBC transactions)
11:25:27,351  INFO ASTQueryTranslatorFactory:47 - HHH000397: Using ASTQueryTranslatorFactory
11:25:27,868  INFO SchemaValidator:157 - HHH000229: Running schema validator
11:25:27,870  INFO SchemaValidator:165 - HHH000102: Fetching database metadata
11:25:27,874 ERROR SchemaValidator:171 - HHH000319: Could not get database metadata
java.sql.SQLException: Cannot load JDBC driver class 'com.mysql.jdbc.Driver'
	at org.apache.commons.dbcp2.BasicDataSource.createConnectionFactory(BasicDataSource.java:2001)
	at org.apache.commons.dbcp2.BasicDataSource.createDataSource(BasicDataSource.java:1897)
	at org.apache.commons.dbcp2.BasicDataSource.getConnection(BasicDataSource.java:1413)
	at org.hibernate.engine.jdbc.connections.internal.DatasourceConnectionProviderImpl.getConnection(DatasourceConnectionProviderImpl.java:139)
	at org.hibernate.tool.hbm2ddl.SuppliedConnectionProviderConnectionHelper.prepare(SuppliedConnectionProviderConnectionHelper.java:51)
	at org.hibernate.tool.hbm2ddl.SchemaValidator.validate(SchemaValidator.java:166)
	at org.hibernate.internal.SessionFactoryImpl.<init>(SessionFactoryImpl.java:525)
	at org.hibernate.cfg.Configuration.buildSessionFactory(Configuration.java:1859)
	at org.hibernate.cfg.Configuration.buildSessionFactory(Configuration.java:1930)
	at org.springframework.orm.hibernate4.LocalSessionFactoryBuilder.buildSessionFactory(LocalSessionFactoryBuilder.java:343)
	at org.springframework.orm.hibernate4.LocalSessionFactoryBean.buildSessionFactory(LocalSessionFactoryBean.java:431)
	at org.springframework.orm.hibernate4.LocalSessionFactoryBean.afterPropertiesSet(LocalSessionFactoryBean.java:416)
	at org.springframework.beans.factory.support.AbstractAutowireCapableBeanFactory.invokeInitMethods(AbstractAutowireCapableBeanFactory.java:1612)
	at org.springframework.beans.factory.support.AbstractAutowireCapableBeanFactory.initializeBean(AbstractAutowireCapableBeanFactory.java:1549)
	at org.springframework.beans.factory.support.AbstractAutowireCapableBeanFactory.doCreateBean(AbstractAutowireCapableBeanFactory.java:539)
	at org.springframework.beans.factory.support.AbstractAutowireCapableBeanFactory.createBean(AbstractAutowireCapableBeanFactory.java:475)
	at org.springframework.beans.factory.support.AbstractBeanFactory$1.getObject(AbstractBeanFactory.java:304)
	at org.springframework.beans.factory.support.DefaultSingletonBeanRegistry.getSingleton(DefaultSingletonBeanRegistry.java:228)
	at org.springframework.beans.factory.support.AbstractBeanFactory.doGetBean(AbstractBeanFactory.java:300)
	at org.springframework.beans.factory.support.AbstractBeanFactory.getBean(AbstractBeanFactory.java:195)
	at org.springframework.beans.factory.support.DefaultListableBeanFactory.findAutowireCandidates(DefaultListableBeanFactory.java:1014)
	at org.springframework.beans.factory.support.DefaultListableBeanFactory.doResolveDependency(DefaultListableBeanFactory.java:957)
	at org.springframework.beans.factory.support.DefaultListableBeanFactory.resolveDependency(DefaultListableBeanFactory.java:855)
	at org.springframework.beans.factory.annotation.AutowiredAnnotationBeanPostProcessor$AutowiredMethodElement.inject(AutowiredAnnotationBeanPostProcessor.java:553)
	at org.springframework.beans.factory.annotation.InjectionMetadata.inject(InjectionMetadata.java:87)
	at org.springframework.beans.factory.annotation.AutowiredAnnotationBeanPostProcessor.postProcessPropertyValues(AutowiredAnnotationBeanPostProcessor.java:289)
	at org.springframework.beans.factory.support.AbstractAutowireCapableBeanFactory.populateBean(AbstractAutowireCapableBeanFactory.java:1185)
	at org.springframework.beans.factory.support.AbstractAutowireCapableBeanFactory.doCreateBean(AbstractAutowireCapableBeanFactory.java:537)
	at org.springframework.beans.factory.support.AbstractAutowireCapableBeanFactory.createBean(AbstractAutowireCapableBeanFactory.java:475)
	at org.springframework.beans.factory.support.AbstractBeanFactory$1.getObject(AbstractBeanFactory.java:304)
	at org.springframework.beans.factory.support.DefaultSingletonBeanRegistry.getSingleton(DefaultSingletonBeanRegistry.java:228)
	at org.springframework.beans.factory.support.AbstractBeanFactory.doGetBean(AbstractBeanFactory.java:300)
	at org.springframework.beans.factory.support.AbstractBeanFactory.getBean(AbstractBeanFactory.java:195)
	at org.springframework.beans.factory.support.DefaultListableBeanFactory.preInstantiateSingletons(DefaultListableBeanFactory.java:700)
	at org.springframework.context.support.AbstractApplicationContext.finishBeanFactoryInitialization(AbstractApplicationContext.java:760)
	at org.springframework.context.support.AbstractApplicationContext.refresh(AbstractApplicationContext.java:482)
	at org.springframework.context.support.ClassPathXmlApplicationContext.<init>(ClassPathXmlApplicationContext.java:139)
	at org.springframework.context.support.ClassPathXmlApplicationContext.<init>(ClassPathXmlApplicationContext.java:83)
	at fr.afcepf.atod26.java.spring.banque.impl.DaoSQLUtilisateurTest.init(DaoSQLUtilisateurTest.java:28)
	at sun.reflect.NativeMethodAccessorImpl.invoke0(Native Method)
	at sun.reflect.NativeMethodAccessorImpl.invoke(NativeMethodAccessorImpl.java:57)
	at sun.reflect.DelegatingMethodAccessorImpl.invoke(DelegatingMethodAccessorImpl.java:43)
	at java.lang.reflect.Method.invoke(Method.java:606)
	at org.junit.runners.model.FrameworkMethod$1.runReflectiveCall(FrameworkMethod.java:50)
	at org.junit.internal.runners.model.ReflectiveCallable.run(ReflectiveCallable.java:12)
	at org.junit.runners.model.FrameworkMethod.invokeExplosively(FrameworkMethod.java:47)
	at org.junit.internal.runners.statements.RunBefores.evaluate(RunBefores.java:24)
	at org.junit.runners.ParentRunner.runLeaf(ParentRunner.java:325)
	at org.junit.runners.BlockJUnit4ClassRunner.runChild(BlockJUnit4ClassRunner.java:78)
	at org.junit.runners.BlockJUnit4ClassRunner.runChild(BlockJUnit4ClassRunner.java:57)
	at org.junit.runners.ParentRunner$3.run(ParentRunner.java:290)
	at org.junit.runners.ParentRunner$1.schedule(ParentRunner.java:71)
	at org.junit.runners.ParentRunner.runChildren(ParentRunner.java:288)
	at org.junit.runners.ParentRunner.access$000(ParentRunner.java:58)
	at org.junit.runners.ParentRunner$2.evaluate(ParentRunner.java:268)
	at org.junit.runners.ParentRunner.run(ParentRunner.java:363)
	at org.apache.maven.surefire.junit4.JUnit4Provider.execute(JUnit4Provider.java:252)
	at org.apache.maven.surefire.junit4.JUnit4Provider.executeTestSet(JUnit4Provider.java:141)
	at org.apache.maven.surefire.junit4.JUnit4Provider.invoke(JUnit4Provider.java:112)
	at sun.reflect.NativeMethodAccessorImpl.invoke0(Native Method)
	at sun.reflect.NativeMethodAccessorImpl.invoke(NativeMethodAccessorImpl.java:57)
	at sun.reflect.DelegatingMethodAccessorImpl.invoke(DelegatingMethodAccessorImpl.java:43)
	at java.lang.reflect.Method.invoke(Method.java:606)
	at org.apache.maven.surefire.util.ReflectionUtils.invokeMethodWithArray(ReflectionUtils.java:189)
	at org.apache.maven.surefire.booter.ProviderFactory$ProviderProxy.invoke(ProviderFactory.java:165)
	at org.apache.maven.surefire.booter.ProviderFactory.invokeProvider(ProviderFactory.java:85)
	at org.apache.maven.surefire.booter.ForkedBooter.runSuitesInProcess(ForkedBooter.java:115)
	at org.apache.maven.surefire.booter.ForkedBooter.main(ForkedBooter.java:75)
Caused by: java.lang.ClassNotFoundException: com.mysql.jdbc.Driver
	at java.net.URLClassLoader$1.run(URLClassLoader.java:366)
	at java.net.URLClassLoader$1.run(URLClassLoader.java:355)
	at java.security.AccessController.doPrivileged(Native Method)
	at java.net.URLClassLoader.findClass(URLClassLoader.java:354)
	at java.lang.ClassLoader.loadClass(ClassLoader.java:425)
	at sun.misc.Launcher$AppClassLoader.loadClass(Launcher.java:308)
	at java.lang.ClassLoader.loadClass(ClassLoader.java:358)
	at org.apache.commons.dbcp2.BasicDataSource.createConnectionFactory(BasicDataSource.java:1992)
	... 67 more
11:25:27,886 ERROR SchemaValidator:179 - HHH000300: Could not complete schema validation
java.sql.SQLException: Cannot load JDBC driver class 'com.mysql.jdbc.Driver'
	at org.apache.commons.dbcp2.BasicDataSource.createConnectionFactory(BasicDataSource.java:2001)
	at org.apache.commons.dbcp2.BasicDataSource.createDataSource(BasicDataSource.java:1897)
	at org.apache.commons.dbcp2.BasicDataSource.getConnection(BasicDataSource.java:1413)
	at org.hibernate.engine.jdbc.connections.internal.DatasourceConnectionProviderImpl.getConnection(DatasourceConnectionProviderImpl.java:139)
	at org.hibernate.tool.hbm2ddl.SuppliedConnectionProviderConnectionHelper.prepare(SuppliedConnectionProviderConnectionHelper.java:51)
	at org.hibernate.tool.hbm2ddl.SchemaValidator.validate(SchemaValidator.java:166)
	at org.hibernate.internal.SessionFactoryImpl.<init>(SessionFactoryImpl.java:525)
	at org.hibernate.cfg.Configuration.buildSessionFactory(Configuration.java:1859)
	at org.hibernate.cfg.Configuration.buildSessionFactory(Configuration.java:1930)
	at org.springframework.orm.hibernate4.LocalSessionFactoryBuilder.buildSessionFactory(LocalSessionFactoryBuilder.java:343)
	at org.springframework.orm.hibernate4.LocalSessionFactoryBean.buildSessionFactory(LocalSessionFactoryBean.java:431)
	at org.springframework.orm.hibernate4.LocalSessionFactoryBean.afterPropertiesSet(LocalSessionFactoryBean.java:416)
	at org.springframework.beans.factory.support.AbstractAutowireCapableBeanFactory.invokeInitMethods(AbstractAutowireCapableBeanFactory.java:1612)
	at org.springframework.beans.factory.support.AbstractAutowireCapableBeanFactory.initializeBean(AbstractAutowireCapableBeanFactory.java:1549)
	at org.springframework.beans.factory.support.AbstractAutowireCapableBeanFactory.doCreateBean(AbstractAutowireCapableBeanFactory.java:539)
	at org.springframework.beans.factory.support.AbstractAutowireCapableBeanFactory.createBean(AbstractAutowireCapableBeanFactory.java:475)
	at org.springframework.beans.factory.support.AbstractBeanFactory$1.getObject(AbstractBeanFactory.java:304)
	at org.springframework.beans.factory.support.DefaultSingletonBeanRegistry.getSingleton(DefaultSingletonBeanRegistry.java:228)
	at org.springframework.beans.factory.support.AbstractBeanFactory.doGetBean(AbstractBeanFactory.java:300)
	at org.springframework.beans.factory.support.AbstractBeanFactory.getBean(AbstractBeanFactory.java:195)
	at org.springframework.beans.factory.support.DefaultListableBeanFactory.findAutowireCandidates(DefaultListableBeanFactory.java:1014)
	at org.springframework.beans.factory.support.DefaultListableBeanFactory.doResolveDependency(DefaultListableBeanFactory.java:957)
	at org.springframework.beans.factory.support.DefaultListableBeanFactory.resolveDependency(DefaultListableBeanFactory.java:855)
	at org.springframework.beans.factory.annotation.AutowiredAnnotationBeanPostProcessor$AutowiredMethodElement.inject(AutowiredAnnotationBeanPostProcessor.java:553)
	at org.springframework.beans.factory.annotation.InjectionMetadata.inject(InjectionMetadata.java:87)
	at org.springframework.beans.factory.annotation.AutowiredAnnotationBeanPostProcessor.postProcessPropertyValues(AutowiredAnnotationBeanPostProcessor.java:289)
	at org.springframework.beans.factory.support.AbstractAutowireCapableBeanFactory.populateBean(AbstractAutowireCapableBeanFactory.java:1185)
	at org.springframework.beans.factory.support.AbstractAutowireCapableBeanFactory.doCreateBean(AbstractAutowireCapableBeanFactory.java:537)
	at org.springframework.beans.factory.support.AbstractAutowireCapableBeanFactory.createBean(AbstractAutowireCapableBeanFactory.java:475)
	at org.springframework.beans.factory.support.AbstractBeanFactory$1.getObject(AbstractBeanFactory.java:304)
	at org.springframework.beans.factory.support.DefaultSingletonBeanRegistry.getSingleton(DefaultSingletonBeanRegistry.java:228)
	at org.springframework.beans.factory.support.AbstractBeanFactory.doGetBean(AbstractBeanFactory.java:300)
	at org.springframework.beans.factory.support.AbstractBeanFactory.getBean(AbstractBeanFactory.java:195)
	at org.springframework.beans.factory.support.DefaultListableBeanFactory.preInstantiateSingletons(DefaultListableBeanFactory.java:700)
	at org.springframework.context.support.AbstractApplicationContext.finishBeanFactoryInitialization(AbstractApplicationContext.java:760)
	at org.springframework.context.support.AbstractApplicationContext.refresh(AbstractApplicationContext.java:482)
	at org.springframework.context.support.ClassPathXmlApplicationContext.<init>(ClassPathXmlApplicationContext.java:139)
	at org.springframework.context.support.ClassPathXmlApplicationContext.<init>(ClassPathXmlApplicationContext.java:83)
	at fr.afcepf.atod26.java.spring.banque.impl.DaoSQLUtilisateurTest.init(DaoSQLUtilisateurTest.java:28)
	at sun.reflect.NativeMethodAccessorImpl.invoke0(Native Method)
	at sun.reflect.NativeMethodAccessorImpl.invoke(NativeMethodAccessorImpl.java:57)
	at sun.reflect.DelegatingMethodAccessorImpl.invoke(DelegatingMethodAccessorImpl.java:43)
	at java.lang.reflect.Method.invoke(Method.java:606)
	at org.junit.runners.model.FrameworkMethod$1.runReflectiveCall(FrameworkMethod.java:50)
	at org.junit.internal.runners.model.ReflectiveCallable.run(ReflectiveCallable.java:12)
	at org.junit.runners.model.FrameworkMethod.invokeExplosively(FrameworkMethod.java:47)
	at org.junit.internal.runners.statements.RunBefores.evaluate(RunBefores.java:24)
	at org.junit.runners.ParentRunner.runLeaf(ParentRunner.java:325)
	at org.junit.runners.BlockJUnit4ClassRunner.runChild(BlockJUnit4ClassRunner.java:78)
	at org.junit.runners.BlockJUnit4ClassRunner.runChild(BlockJUnit4ClassRunner.java:57)
	at org.junit.runners.ParentRunner$3.run(ParentRunner.java:290)
	at org.junit.runners.ParentRunner$1.schedule(ParentRunner.java:71)
	at org.junit.runners.ParentRunner.runChildren(ParentRunner.java:288)
	at org.junit.runners.ParentRunner.access$000(ParentRunner.java:58)
	at org.junit.runners.ParentRunner$2.evaluate(ParentRunner.java:268)
	at org.junit.runners.ParentRunner.run(ParentRunner.java:363)
	at org.apache.maven.surefire.junit4.JUnit4Provider.execute(JUnit4Provider.java:252)
	at org.apache.maven.surefire.junit4.JUnit4Provider.executeTestSet(JUnit4Provider.java:141)
	at org.apache.maven.surefire.junit4.JUnit4Provider.invoke(JUnit4Provider.java:112)
	at sun.reflect.NativeMethodAccessorImpl.invoke0(Native Method)
	at sun.reflect.NativeMethodAccessorImpl.invoke(NativeMethodAccessorImpl.java:57)
	at sun.reflect.DelegatingMethodAccessorImpl.invoke(DelegatingMethodAccessorImpl.java:43)
	at java.lang.reflect.Method.invoke(Method.java:606)
	at org.apache.maven.surefire.util.ReflectionUtils.invokeMethodWithArray(ReflectionUtils.java:189)
	at org.apache.maven.surefire.booter.ProviderFactory$ProviderProxy.invoke(ProviderFactory.java:165)
	at org.apache.maven.surefire.booter.ProviderFactory.invokeProvider(ProviderFactory.java:85)
	at org.apache.maven.surefire.booter.ForkedBooter.runSuitesInProcess(ForkedBooter.java:115)
	at org.apache.maven.surefire.booter.ForkedBooter.main(ForkedBooter.java:75)
Caused by: java.lang.ClassNotFoundException: com.mysql.jdbc.Driver
	at java.net.URLClassLoader$1.run(URLClassLoader.java:366)
	at java.net.URLClassLoader$1.run(URLClassLoader.java:355)
	at java.security.AccessController.doPrivileged(Native Method)
	at java.net.URLClassLoader.findClass(URLClassLoader.java:354)
	at java.lang.ClassLoader.loadClass(ClassLoader.java:425)
	at sun.misc.Launcher$AppClassLoader.loadClass(Launcher.java:308)
	at java.lang.ClassLoader.loadClass(ClassLoader.java:358)
	at org.apache.commons.dbcp2.BasicDataSource.createConnectionFactory(BasicDataSource.java:1992)
	... 67 more
11:25:28,187  INFO HibernateTransactionManager:341 - Using DataSource [org.apache.commons.dbcp2.BasicDataSource@4ad512e] of Hibernate SessionFactory for HibernateTransactionManager
11:25:28,282 DEBUG SQL:109 - select this_.id_utilisateur as id_utili2_4_0_, this_1_.mail as mail3_4_0_, this_1_.mot_de_passe as mot_de_p4_4_0_, this_1_.nom as nom5_4_0_, this_1_.prenom as prenom6_4_0_ from Client this_ inner join utilisateur this_1_ on this_.id_utilisateur=this_1_.id_utilisateur
11:25:28,285  WARN SqlExceptionHelper:144 - SQL Error: 0, SQLState: null
11:25:28,285 ERROR SqlExceptionHelper:146 - Cannot load JDBC driver class 'com.mysql.jdbc.Driver'
11:25:28,321  INFO ClassPathXmlApplicationContext:513 - Refreshing org.springframework.context.support.ClassPathXmlApplicationContext@264eeba4: startup date [Sat Apr 02 11:25:28 CEST 2016]; root of context hierarchy
11:25:28,323  INFO XmlBeanDefinitionReader:316 - Loading XML bean definitions from class path resource [spring-data.xml]
11:25:28,582  INFO Configuration:2111 - HHH000044: Configuring from URL: file:/Users/Jerome/Documents/AFCEPF/Atod26/Spring-Banque/Sources/BanqueSpring-Data/target/classes/hibernate.cfg.xml
11:25:28,585  WARN DTDEntityResolver:75 - HHH000223: Recognized obsolete hibernate namespace http://hibernate.sourceforge.net/. Use namespace http://www.hibernate.org/dtd/ instead. Refer to Hibernate 3.6 Migration Guide!
11:25:28,589  INFO Configuration:2216 - HHH000041: Configured SessionFactory: null
11:25:28,601  WARN JdbcServicesImpl:204 - HHH000342: Could not obtain connection to query metadata : Cannot load JDBC driver class 'com.mysql.jdbc.Driver'
11:25:28,606  INFO Dialect:145 - HHH000400: Using dialect: org.hibernate.dialect.MySQLDialect
11:25:28,607  INFO LobCreatorBuilder:88 - HHH000422: Disabling contextual LOB creation as connection was null
11:25:28,609  WARN AnnotationBinder:910 - HHH000457: Joined inheritance hierarchy [fr.afcepf.atod26.java.spring.banque.entity.Utilisateur] defined explicit @DiscriminatorColumn.  Legacy Hibernate behavior was to ignore the @DiscriminatorColumn.  However, as part of issue HHH-6911 we now apply the explicit @DiscriminatorColumn.  If you would prefer the legacy behavior, enable the `hibernate.discriminator.ignore_explicit_for_joined` setting (hibernate.discriminator.ignore_explicit_for_joined=true)
11:25:28,657  INFO TransactionFactoryInitiator:62 - HHH000399: Using default transaction strategy (direct JDBC transactions)
11:25:28,658  INFO ASTQueryTranslatorFactory:47 - HHH000397: Using ASTQueryTranslatorFactory
11:25:28,739  INFO SchemaValidator:157 - HHH000229: Running schema validator
11:25:28,740  INFO SchemaValidator:165 - HHH000102: Fetching database metadata
11:25:28,762 ERROR SchemaValidator:171 - HHH000319: Could not get database metadata
java.sql.SQLException: Cannot load JDBC driver class 'com.mysql.jdbc.Driver'
	at org.apache.commons.dbcp2.BasicDataSource.createConnectionFactory(BasicDataSource.java:2001)
	at org.apache.commons.dbcp2.BasicDataSource.createDataSource(BasicDataSource.java:1897)
	at org.apache.commons.dbcp2.BasicDataSource.getConnection(BasicDataSource.java:1413)
	at org.hibernate.engine.jdbc.connections.internal.DatasourceConnectionProviderImpl.getConnection(DatasourceConnectionProviderImpl.java:139)
	at org.hibernate.tool.hbm2ddl.SuppliedConnectionProviderConnectionHelper.prepare(SuppliedConnectionProviderConnectionHelper.java:51)
	at org.hibernate.tool.hbm2ddl.SchemaValidator.validate(SchemaValidator.java:166)
	at org.hibernate.internal.SessionFactoryImpl.<init>(SessionFactoryImpl.java:525)
	at org.hibernate.cfg.Configuration.buildSessionFactory(Configuration.java:1859)
	at org.hibernate.cfg.Configuration.buildSessionFactory(Configuration.java:1930)
	at org.springframework.orm.hibernate4.LocalSessionFactoryBuilder.buildSessionFactory(LocalSessionFactoryBuilder.java:343)
	at org.springframework.orm.hibernate4.LocalSessionFactoryBean.buildSessionFactory(LocalSessionFactoryBean.java:431)
	at org.springframework.orm.hibernate4.LocalSessionFactoryBean.afterPropertiesSet(LocalSessionFactoryBean.java:416)
	at org.springframework.beans.factory.support.AbstractAutowireCapableBeanFactory.invokeInitMethods(AbstractAutowireCapableBeanFactory.java:1612)
	at org.springframework.beans.factory.support.AbstractAutowireCapableBeanFactory.initializeBean(AbstractAutowireCapableBeanFactory.java:1549)
	at org.springframework.beans.factory.support.AbstractAutowireCapableBeanFactory.doCreateBean(AbstractAutowireCapableBeanFactory.java:539)
	at org.springframework.beans.factory.support.AbstractAutowireCapableBeanFactory.createBean(AbstractAutowireCapableBeanFactory.java:475)
	at org.springframework.beans.factory.support.AbstractBeanFactory$1.getObject(AbstractBeanFactory.java:304)
	at org.springframework.beans.factory.support.DefaultSingletonBeanRegistry.getSingleton(DefaultSingletonBeanRegistry.java:228)
	at org.springframework.beans.factory.support.AbstractBeanFactory.doGetBean(AbstractBeanFactory.java:300)
	at org.springframework.beans.factory.support.AbstractBeanFactory.getBean(AbstractBeanFactory.java:195)
	at org.springframework.beans.factory.support.DefaultListableBeanFactory.findAutowireCandidates(DefaultListableBeanFactory.java:1014)
	at org.springframework.beans.factory.support.DefaultListableBeanFactory.doResolveDependency(DefaultListableBeanFactory.java:957)
	at org.springframework.beans.factory.support.DefaultListableBeanFactory.resolveDependency(DefaultListableBeanFactory.java:855)
	at org.springframework.beans.factory.annotation.AutowiredAnnotationBeanPostProcessor$AutowiredMethodElement.inject(AutowiredAnnotationBeanPostProcessor.java:553)
	at org.springframework.beans.factory.annotation.InjectionMetadata.inject(InjectionMetadata.java:87)
	at org.springframework.beans.factory.annotation.AutowiredAnnotationBeanPostProcessor.postProcessPropertyValues(AutowiredAnnotationBeanPostProcessor.java:289)
	at org.springframework.beans.factory.support.AbstractAutowireCapableBeanFactory.populateBean(AbstractAutowireCapableBeanFactory.java:1185)
	at org.springframework.beans.factory.support.AbstractAutowireCapableBeanFactory.doCreateBean(AbstractAutowireCapableBeanFactory.java:537)
	at org.springframework.beans.factory.support.AbstractAutowireCapableBeanFactory.createBean(AbstractAutowireCapableBeanFactory.java:475)
	at org.springframework.beans.factory.support.AbstractBeanFactory$1.getObject(AbstractBeanFactory.java:304)
	at org.springframework.beans.factory.support.DefaultSingletonBeanRegistry.getSingleton(DefaultSingletonBeanRegistry.java:228)
	at org.springframework.beans.factory.support.AbstractBeanFactory.doGetBean(AbstractBeanFactory.java:300)
	at org.springframework.beans.factory.support.AbstractBeanFactory.getBean(AbstractBeanFactory.java:195)
	at org.springframework.beans.factory.support.DefaultListableBeanFactory.preInstantiateSingletons(DefaultListableBeanFactory.java:700)
	at org.springframework.context.support.AbstractApplicationContext.finishBeanFactoryInitialization(AbstractApplicationContext.java:760)
	at org.springframework.context.support.AbstractApplicationContext.refresh(AbstractApplicationContext.java:482)
	at org.springframework.context.support.ClassPathXmlApplicationContext.<init>(ClassPathXmlApplicationContext.java:139)
	at org.springframework.context.support.ClassPathXmlApplicationContext.<init>(ClassPathXmlApplicationContext.java:83)
	at fr.afcepf.atod26.java.spring.banque.impl.DaoSQLUtilisateurTest.init(DaoSQLUtilisateurTest.java:28)
	at sun.reflect.NativeMethodAccessorImpl.invoke0(Native Method)
	at sun.reflect.NativeMethodAccessorImpl.invoke(NativeMethodAccessorImpl.java:57)
	at sun.reflect.DelegatingMethodAccessorImpl.invoke(DelegatingMethodAccessorImpl.java:43)
	at java.lang.reflect.Method.invoke(Method.java:606)
	at org.junit.runners.model.FrameworkMethod$1.runReflectiveCall(FrameworkMethod.java:50)
	at org.junit.internal.runners.model.ReflectiveCallable.run(ReflectiveCallable.java:12)
	at org.junit.runners.model.FrameworkMethod.invokeExplosively(FrameworkMethod.java:47)
	at org.junit.internal.runners.statements.RunBefores.evaluate(RunBefores.java:24)
	at org.junit.runners.ParentRunner.runLeaf(ParentRunner.java:325)
	at org.junit.runners.BlockJUnit4ClassRunner.runChild(BlockJUnit4ClassRunner.java:78)
	at org.junit.runners.BlockJUnit4ClassRunner.runChild(BlockJUnit4ClassRunner.java:57)
	at org.junit.runners.ParentRunner$3.run(ParentRunner.java:290)
	at org.junit.runners.ParentRunner$1.schedule(ParentRunner.java:71)
	at org.junit.runners.ParentRunner.runChildren(ParentRunner.java:288)
	at org.junit.runners.ParentRunner.access$000(ParentRunner.java:58)
	at org.junit.runners.ParentRunner$2.evaluate(ParentRunner.java:268)
	at org.junit.runners.ParentRunner.run(ParentRunner.java:363)
	at org.apache.maven.surefire.junit4.JUnit4Provider.execute(JUnit4Provider.java:252)
	at org.apache.maven.surefire.junit4.JUnit4Provider.executeTestSet(JUnit4Provider.java:141)
	at org.apache.maven.surefire.junit4.JUnit4Provider.invoke(JUnit4Provider.java:112)
	at sun.reflect.NativeMethodAccessorImpl.invoke0(Native Method)
	at sun.reflect.NativeMethodAccessorImpl.invoke(NativeMethodAccessorImpl.java:57)
	at sun.reflect.DelegatingMethodAccessorImpl.invoke(DelegatingMethodAccessorImpl.java:43)
	at java.lang.reflect.Method.invoke(Method.java:606)
	at org.apache.maven.surefire.util.ReflectionUtils.invokeMethodWithArray(ReflectionUtils.java:189)
	at org.apache.maven.surefire.booter.ProviderFactory$ProviderProxy.invoke(ProviderFactory.java:165)
	at org.apache.maven.surefire.booter.ProviderFactory.invokeProvider(ProviderFactory.java:85)
	at org.apache.maven.surefire.booter.ForkedBooter.runSuitesInProcess(ForkedBooter.java:115)
	at org.apache.maven.surefire.booter.ForkedBooter.main(ForkedBooter.java:75)
Caused by: java.lang.ClassNotFoundException: com.mysql.jdbc.Driver
	at java.net.URLClassLoader$1.run(URLClassLoader.java:366)
	at java.net.URLClassLoader$1.run(URLClassLoader.java:355)
	at java.security.AccessController.doPrivileged(Native Method)
	at java.net.URLClassLoader.findClass(URLClassLoader.java:354)
	at java.lang.ClassLoader.loadClass(ClassLoader.java:425)
	at sun.misc.Launcher$AppClassLoader.loadClass(Launcher.java:308)
	at java.lang.ClassLoader.loadClass(ClassLoader.java:358)
	at org.apache.commons.dbcp2.BasicDataSource.createConnectionFactory(BasicDataSource.java:1992)
	... 67 more
11:25:28,765 ERROR SchemaValidator:179 - HHH000300: Could not complete schema validation
java.sql.SQLException: Cannot load JDBC driver class 'com.mysql.jdbc.Driver'
	at org.apache.commons.dbcp2.BasicDataSource.createConnectionFactory(BasicDataSource.java:2001)
	at org.apache.commons.dbcp2.BasicDataSource.createDataSource(BasicDataSource.java:1897)
	at org.apache.commons.dbcp2.BasicDataSource.getConnection(BasicDataSource.java:1413)
	at org.hibernate.engine.jdbc.connections.internal.DatasourceConnectionProviderImpl.getConnection(DatasourceConnectionProviderImpl.java:139)
	at org.hibernate.tool.hbm2ddl.SuppliedConnectionProviderConnectionHelper.prepare(SuppliedConnectionProviderConnectionHelper.java:51)
	at org.hibernate.tool.hbm2ddl.SchemaValidator.validate(SchemaValidator.java:166)
	at org.hibernate.internal.SessionFactoryImpl.<init>(SessionFactoryImpl.java:525)
	at org.hibernate.cfg.Configuration.buildSessionFactory(Configuration.java:1859)
	at org.hibernate.cfg.Configuration.buildSessionFactory(Configuration.java:1930)
	at org.springframework.orm.hibernate4.LocalSessionFactoryBuilder.buildSessionFactory(LocalSessionFactoryBuilder.java:343)
	at org.springframework.orm.hibernate4.LocalSessionFactoryBean.buildSessionFactory(LocalSessionFactoryBean.java:431)
	at org.springframework.orm.hibernate4.LocalSessionFactoryBean.afterPropertiesSet(LocalSessionFactoryBean.java:416)
	at org.springframework.beans.factory.support.AbstractAutowireCapableBeanFactory.invokeInitMethods(AbstractAutowireCapableBeanFactory.java:1612)
	at org.springframework.beans.factory.support.AbstractAutowireCapableBeanFactory.initializeBean(AbstractAutowireCapableBeanFactory.java:1549)
	at org.springframework.beans.factory.support.AbstractAutowireCapableBeanFactory.doCreateBean(AbstractAutowireCapableBeanFactory.java:539)
	at org.springframework.beans.factory.support.AbstractAutowireCapableBeanFactory.createBean(AbstractAutowireCapableBeanFactory.java:475)
	at org.springframework.beans.factory.support.AbstractBeanFactory$1.getObject(AbstractBeanFactory.java:304)
	at org.springframework.beans.factory.support.DefaultSingletonBeanRegistry.getSingleton(DefaultSingletonBeanRegistry.java:228)
	at org.springframework.beans.factory.support.AbstractBeanFactory.doGetBean(AbstractBeanFactory.java:300)
	at org.springframework.beans.factory.support.AbstractBeanFactory.getBean(AbstractBeanFactory.java:195)
	at org.springframework.beans.factory.support.DefaultListableBeanFactory.findAutowireCandidates(DefaultListableBeanFactory.java:1014)
	at org.springframework.beans.factory.support.DefaultListableBeanFactory.doResolveDependency(DefaultListableBeanFactory.java:957)
	at org.springframework.beans.factory.support.DefaultListableBeanFactory.resolveDependency(DefaultListableBeanFactory.java:855)
	at org.springframework.beans.factory.annotation.AutowiredAnnotationBeanPostProcessor$AutowiredMethodElement.inject(AutowiredAnnotationBeanPostProcessor.java:553)
	at org.springframework.beans.factory.annotation.InjectionMetadata.inject(InjectionMetadata.java:87)
	at org.springframework.beans.factory.annotation.AutowiredAnnotationBeanPostProcessor.postProcessPropertyValues(AutowiredAnnotationBeanPostProcessor.java:289)
	at org.springframework.beans.factory.support.AbstractAutowireCapableBeanFactory.populateBean(AbstractAutowireCapableBeanFactory.java:1185)
	at org.springframework.beans.factory.support.AbstractAutowireCapableBeanFactory.doCreateBean(AbstractAutowireCapableBeanFactory.java:537)
	at org.springframework.beans.factory.support.AbstractAutowireCapableBeanFactory.createBean(AbstractAutowireCapableBeanFactory.java:475)
	at org.springframework.beans.factory.support.AbstractBeanFactory$1.getObject(AbstractBeanFactory.java:304)
	at org.springframework.beans.factory.support.DefaultSingletonBeanRegistry.getSingleton(DefaultSingletonBeanRegistry.java:228)
	at org.springframework.beans.factory.support.AbstractBeanFactory.doGetBean(AbstractBeanFactory.java:300)
	at org.springframework.beans.factory.support.AbstractBeanFactory.getBean(AbstractBeanFactory.java:195)
	at org.springframework.beans.factory.support.DefaultListableBeanFactory.preInstantiateSingletons(DefaultListableBeanFactory.java:700)
	at org.springframework.context.support.AbstractApplicationContext.finishBeanFactoryInitialization(AbstractApplicationContext.java:760)
	at org.springframework.context.support.AbstractApplicationContext.refresh(AbstractApplicationContext.java:482)
	at org.springframework.context.support.ClassPathXmlApplicationContext.<init>(ClassPathXmlApplicationContext.java:139)
	at org.springframework.context.support.ClassPathXmlApplicationContext.<init>(ClassPathXmlApplicationContext.java:83)
	at fr.afcepf.atod26.java.spring.banque.impl.DaoSQLUtilisateurTest.init(DaoSQLUtilisateurTest.java:28)
	at sun.reflect.NativeMethodAccessorImpl.invoke0(Native Method)
	at sun.reflect.NativeMethodAccessorImpl.invoke(NativeMethodAccessorImpl.java:57)
	at sun.reflect.DelegatingMethodAccessorImpl.invoke(DelegatingMethodAccessorImpl.java:43)
	at java.lang.reflect.Method.invoke(Method.java:606)
	at org.junit.runners.model.FrameworkMethod$1.runReflectiveCall(FrameworkMethod.java:50)
	at org.junit.internal.runners.model.ReflectiveCallable.run(ReflectiveCallable.java:12)
	at org.junit.runners.model.FrameworkMethod.invokeExplosively(FrameworkMethod.java:47)
	at org.junit.internal.runners.statements.RunBefores.evaluate(RunBefores.java:24)
	at org.junit.runners.ParentRunner.runLeaf(ParentRunner.java:325)
	at org.junit.runners.BlockJUnit4ClassRunner.runChild(BlockJUnit4ClassRunner.java:78)
	at org.junit.runners.BlockJUnit4ClassRunner.runChild(BlockJUnit4ClassRunner.java:57)
	at org.junit.runners.ParentRunner$3.run(ParentRunner.java:290)
	at org.junit.runners.ParentRunner$1.schedule(ParentRunner.java:71)
	at org.junit.runners.ParentRunner.runChildren(ParentRunner.java:288)
	at org.junit.runners.ParentRunner.access$000(ParentRunner.java:58)
	at org.junit.runners.ParentRunner$2.evaluate(ParentRunner.java:268)
	at org.junit.runners.ParentRunner.run(ParentRunner.java:363)
	at org.apache.maven.surefire.junit4.JUnit4Provider.execute(JUnit4Provider.java:252)
	at org.apache.maven.surefire.junit4.JUnit4Provider.executeTestSet(JUnit4Provider.java:141)
	at org.apache.maven.surefire.junit4.JUnit4Provider.invoke(JUnit4Provider.java:112)
	at sun.reflect.NativeMethodAccessorImpl.invoke0(Native Method)
	at sun.reflect.NativeMethodAccessorImpl.invoke(NativeMethodAccessorImpl.java:57)
	at sun.reflect.DelegatingMethodAccessorImpl.invoke(DelegatingMethodAccessorImpl.java:43)
	at java.lang.reflect.Method.invoke(Method.java:606)
	at org.apache.maven.surefire.util.ReflectionUtils.invokeMethodWithArray(ReflectionUtils.java:189)
	at org.apache.maven.surefire.booter.ProviderFactory$ProviderProxy.invoke(ProviderFactory.java:165)
	at org.apache.maven.surefire.booter.ProviderFactory.invokeProvider(ProviderFactory.java:85)
	at org.apache.maven.surefire.booter.ForkedBooter.runSuitesInProcess(ForkedBooter.java:115)
	at org.apache.maven.surefire.booter.ForkedBooter.main(ForkedBooter.java:75)
Caused by: java.lang.ClassNotFoundException: com.mysql.jdbc.Driver
	at java.net.URLClassLoader$1.run(URLClassLoader.java:366)
	at java.net.URLClassLoader$1.run(URLClassLoader.java:355)
	at java.security.AccessController.doPrivileged(Native Method)
	at java.net.URLClassLoader.findClass(URLClassLoader.java:354)
	at java.lang.ClassLoader.loadClass(ClassLoader.java:425)
	at sun.misc.Launcher$AppClassLoader.loadClass(Launcher.java:308)
	at java.lang.ClassLoader.loadClass(ClassLoader.java:358)
	at org.apache.commons.dbcp2.BasicDataSource.createConnectionFactory(BasicDataSource.java:1992)
	... 67 more
11:25:28,927  INFO HibernateTransactionManager:341 - Using DataSource [org.apache.commons.dbcp2.BasicDataSource@97900df] of Hibernate SessionFactory for HibernateTransactionManager
11:25:28,954  WARN SqlExceptionHelper:144 - SQL Error: 0, SQLState: null
11:25:28,954 ERROR SqlExceptionHelper:146 - Cannot load JDBC driver class 'com.mysql.jdbc.Driver'
11:26:35,660  INFO ClassPathXmlApplicationContext:513 - Refreshing org.springframework.context.support.ClassPathXmlApplicationContext@2998cbaa: startup date [Sat Apr 02 11:26:35 CEST 2016]; root of context hierarchy
11:26:35,733  INFO XmlBeanDefinitionReader:316 - Loading XML bean definitions from class path resource [spring-data.xml]
11:26:36,618  INFO Version:66 - HCANN000001: Hibernate Commons Annotations {4.0.5.Final}
11:26:36,627  INFO Version:54 - HHH000412: Hibernate Core {4.3.8.Final}
11:26:36,631  INFO Environment:239 - HHH000206: hibernate.properties not found
11:26:36,634  INFO Environment:346 - HHH000021: Bytecode provider name : javassist
11:26:36,662  INFO Configuration:2111 - HHH000044: Configuring from URL: file:/Users/Jerome/Documents/AFCEPF/Atod26/Spring-Banque/Sources/BanqueSpring-Data/target/classes/hibernate.cfg.xml
11:26:36,696  WARN DTDEntityResolver:75 - HHH000223: Recognized obsolete hibernate namespace http://hibernate.sourceforge.net/. Use namespace http://www.hibernate.org/dtd/ instead. Refer to Hibernate 3.6 Migration Guide!
11:26:36,758  INFO Configuration:2216 - HHH000041: Configured SessionFactory: null
11:26:37,470  INFO Dialect:145 - HHH000400: Using dialect: org.hibernate.dialect.MySQLDialect
11:26:37,587  WARN AnnotationBinder:910 - HHH000457: Joined inheritance hierarchy [fr.afcepf.atod26.java.spring.banque.entity.Utilisateur] defined explicit @DiscriminatorColumn.  Legacy Hibernate behavior was to ignore the @DiscriminatorColumn.  However, as part of issue HHH-6911 we now apply the explicit @DiscriminatorColumn.  If you would prefer the legacy behavior, enable the `hibernate.discriminator.ignore_explicit_for_joined` setting (hibernate.discriminator.ignore_explicit_for_joined=true)
11:26:37,765  INFO TransactionFactoryInitiator:62 - HHH000399: Using default transaction strategy (direct JDBC transactions)
11:26:37,772  INFO ASTQueryTranslatorFactory:47 - HHH000397: Using ASTQueryTranslatorFactory
11:26:38,200  INFO SchemaValidator:157 - HHH000229: Running schema validator
11:26:38,201  INFO SchemaValidator:165 - HHH000102: Fetching database metadata
11:26:38,218  INFO TableMetadata:66 - HHH000261: Table found: bdd_banque.Client
11:26:38,240  INFO TableMetadata:67 - HHH000037: Columns: [id_utilisateur]
11:26:38,246  INFO TableMetadata:66 - HHH000261: Table found: bdd_banque.Conseiller
11:26:38,246  INFO TableMetadata:67 - HHH000037: Columns: [id_utilisateur]
11:26:38,252  INFO TableMetadata:66 - HHH000261: Table found: bdd_banque.compte
11:26:38,253  INFO TableMetadata:67 - HHH000037: Columns: [type_de_compte, id_utilisateur, numero_compte, date_de_creation]
11:26:38,261  INFO TableMetadata:66 - HHH000261: Table found: bdd_banque.operation_compte
11:26:38,262  INFO TableMetadata:67 - HHH000037: Columns: [numero_operation, montant, type_operation, date_operation, lesoperation]
11:26:38,277  INFO TableMetadata:66 - HHH000261: Table found: bdd_banque.utilisateur
11:26:38,278  INFO TableMetadata:67 - HHH000037: Columns: [prenom, mail, id_utilisateur, mot_de_passe, type_utilisateur, nom]
11:26:38,430  INFO HibernateTransactionManager:341 - Using DataSource [org.apache.commons.dbcp2.BasicDataSource@2d585836] of Hibernate SessionFactory for HibernateTransactionManager
11:26:38,512 DEBUG SQL:109 - select this_.id_utilisateur as id_utili2_4_0_, this_1_.mail as mail3_4_0_, this_1_.mot_de_passe as mot_de_p4_4_0_, this_1_.nom as nom5_4_0_, this_1_.prenom as prenom6_4_0_ from Client this_ inner join utilisateur this_1_ on this_.id_utilisateur=this_1_.id_utilisateur
11:26:38,643  INFO ClassPathXmlApplicationContext:513 - Refreshing org.springframework.context.support.ClassPathXmlApplicationContext@13965637: startup date [Sat Apr 02 11:26:38 CEST 2016]; root of context hierarchy
11:26:38,647  INFO XmlBeanDefinitionReader:316 - Loading XML bean definitions from class path resource [spring-data.xml]
11:26:38,828  INFO Configuration:2111 - HHH000044: Configuring from URL: file:/Users/Jerome/Documents/AFCEPF/Atod26/Spring-Banque/Sources/BanqueSpring-Data/target/classes/hibernate.cfg.xml
11:26:38,831  WARN DTDEntityResolver:75 - HHH000223: Recognized obsolete hibernate namespace http://hibernate.sourceforge.net/. Use namespace http://www.hibernate.org/dtd/ instead. Refer to Hibernate 3.6 Migration Guide!
11:26:38,835  INFO Configuration:2216 - HHH000041: Configured SessionFactory: null
11:26:38,928  INFO Dialect:145 - HHH000400: Using dialect: org.hibernate.dialect.MySQLDialect
11:26:38,932  WARN AnnotationBinder:910 - HHH000457: Joined inheritance hierarchy [fr.afcepf.atod26.java.spring.banque.entity.Utilisateur] defined explicit @DiscriminatorColumn.  Legacy Hibernate behavior was to ignore the @DiscriminatorColumn.  However, as part of issue HHH-6911 we now apply the explicit @DiscriminatorColumn.  If you would prefer the legacy behavior, enable the `hibernate.discriminator.ignore_explicit_for_joined` setting (hibernate.discriminator.ignore_explicit_for_joined=true)
11:26:38,965  INFO TransactionFactoryInitiator:62 - HHH000399: Using default transaction strategy (direct JDBC transactions)
11:26:38,966  INFO ASTQueryTranslatorFactory:47 - HHH000397: Using ASTQueryTranslatorFactory
11:26:39,019  INFO SchemaValidator:157 - HHH000229: Running schema validator
11:26:39,020  INFO SchemaValidator:165 - HHH000102: Fetching database metadata
11:26:39,025  INFO TableMetadata:66 - HHH000261: Table found: bdd_banque.Client
11:26:39,026  INFO TableMetadata:67 - HHH000037: Columns: [id_utilisateur]
11:26:39,057  INFO TableMetadata:66 - HHH000261: Table found: bdd_banque.Conseiller
11:26:39,058  INFO TableMetadata:67 - HHH000037: Columns: [id_utilisateur]
11:26:39,064  INFO TableMetadata:66 - HHH000261: Table found: bdd_banque.compte
11:26:39,065  INFO TableMetadata:67 - HHH000037: Columns: [type_de_compte, id_utilisateur, numero_compte, date_de_creation]
11:26:39,071  INFO TableMetadata:66 - HHH000261: Table found: bdd_banque.operation_compte
11:26:39,072  INFO TableMetadata:67 - HHH000037: Columns: [numero_operation, montant, type_operation, date_operation, lesoperation]
11:26:39,078  INFO TableMetadata:66 - HHH000261: Table found: bdd_banque.utilisateur
11:26:39,078  INFO TableMetadata:67 - HHH000037: Columns: [prenom, mail, id_utilisateur, mot_de_passe, type_utilisateur, nom]
11:26:39,111  INFO HibernateTransactionManager:341 - Using DataSource [org.apache.commons.dbcp2.BasicDataSource@438e7e64] of Hibernate SessionFactory for HibernateTransactionManager
11:26:39,381 DEBUG SQL:109 - select utilisateu0_.id_utilisateur as id_utili2_4_, utilisateu0_.mail as mail3_4_, utilisateu0_.mot_de_passe as mot_de_p4_4_, utilisateu0_.nom as nom5_4_, utilisateu0_.prenom as prenom6_4_, utilisateu0_.type_utilisateur as type_uti1_4_ from utilisateur utilisateu0_ left outer join Client utilisateu0_1_ on utilisateu0_.id_utilisateur=utilisateu0_1_.id_utilisateur left outer join Conseiller utilisateu0_2_ on utilisateu0_.id_utilisateur=utilisateu0_2_.id_utilisateur where utilisateu0_.mail=? and utilisateu0_.mot_de_passe=?
12:25:04,626  INFO ClassPathXmlApplicationContext:513 - Refreshing org.springframework.context.support.ClassPathXmlApplicationContext@2998cbaa: startup date [Sat Apr 02 12:25:04 CEST 2016]; root of context hierarchy
12:25:04,964  INFO XmlBeanDefinitionReader:316 - Loading XML bean definitions from class path resource [spring-data.xml]
12:25:07,595  INFO Version:66 - HCANN000001: Hibernate Commons Annotations {4.0.5.Final}
12:25:07,606  INFO Version:54 - HHH000412: Hibernate Core {4.3.8.Final}
12:25:07,613  INFO Environment:239 - HHH000206: hibernate.properties not found
12:25:07,617  INFO Environment:346 - HHH000021: Bytecode provider name : javassist
12:25:07,804  INFO Configuration:2111 - HHH000044: Configuring from URL: file:/Users/Jerome/Documents/AFCEPF/Atod26/Spring-Banque/Sources/BanqueSpring-Data/target/classes/hibernate.cfg.xml
12:25:07,919  WARN DTDEntityResolver:75 - HHH000223: Recognized obsolete hibernate namespace http://hibernate.sourceforge.net/. Use namespace http://www.hibernate.org/dtd/ instead. Refer to Hibernate 3.6 Migration Guide!
12:25:08,148  INFO Configuration:2216 - HHH000041: Configured SessionFactory: null
12:25:09,512  INFO Dialect:145 - HHH000400: Using dialect: org.hibernate.dialect.MySQLDialect
12:25:09,918  WARN AnnotationBinder:910 - HHH000457: Joined inheritance hierarchy [fr.afcepf.atod26.java.spring.banque.entity.Utilisateur] defined explicit @DiscriminatorColumn.  Legacy Hibernate behavior was to ignore the @DiscriminatorColumn.  However, as part of issue HHH-6911 we now apply the explicit @DiscriminatorColumn.  If you would prefer the legacy behavior, enable the `hibernate.discriminator.ignore_explicit_for_joined` setting (hibernate.discriminator.ignore_explicit_for_joined=true)
12:25:10,447  INFO TransactionFactoryInitiator:62 - HHH000399: Using default transaction strategy (direct JDBC transactions)
12:25:10,457  INFO ASTQueryTranslatorFactory:47 - HHH000397: Using ASTQueryTranslatorFactory
12:25:11,825  INFO SchemaValidator:157 - HHH000229: Running schema validator
12:25:11,826  INFO SchemaValidator:165 - HHH000102: Fetching database metadata
12:25:11,903  INFO TableMetadata:66 - HHH000261: Table found: bdd_banque.Client
12:25:11,953  INFO TableMetadata:67 - HHH000037: Columns: [id_utilisateur]
12:25:11,968  INFO TableMetadata:66 - HHH000261: Table found: bdd_banque.Conseiller
12:25:11,969  INFO TableMetadata:67 - HHH000037: Columns: [id_utilisateur]
12:25:11,985  INFO TableMetadata:66 - HHH000261: Table found: bdd_banque.compte
12:25:11,986  INFO TableMetadata:67 - HHH000037: Columns: [type_de_compte, id_utilisateur, numero_compte, date_de_creation]
12:25:11,996  INFO TableMetadata:66 - HHH000261: Table found: bdd_banque.operation_compte
12:25:11,997  INFO TableMetadata:67 - HHH000037: Columns: [numero_operation, montant, type_operation, date_operation, lesoperation]
12:25:12,077  INFO TableMetadata:66 - HHH000261: Table found: bdd_banque.utilisateur
12:25:12,079  INFO TableMetadata:67 - HHH000037: Columns: [prenom, mail, id_utilisateur, mot_de_passe, type_utilisateur, nom]
12:25:12,487  INFO HibernateTransactionManager:341 - Using DataSource [org.apache.commons.dbcp2.BasicDataSource@1c589d49] of Hibernate SessionFactory for HibernateTransactionManager
12:25:12,726 DEBUG SQL:109 - select this_.id_utilisateur as id_utili2_4_0_, this_1_.mail as mail3_4_0_, this_1_.mot_de_passe as mot_de_p4_4_0_, this_1_.nom as nom5_4_0_, this_1_.prenom as prenom6_4_0_ from Client this_ inner join utilisateur this_1_ on this_.id_utilisateur=this_1_.id_utilisateur
12:25:12,942  INFO ClassPathXmlApplicationContext:513 - Refreshing org.springframework.context.support.ClassPathXmlApplicationContext@7b55d5d0: startup date [Sat Apr 02 12:25:12 CEST 2016]; root of context hierarchy
12:25:12,948  INFO XmlBeanDefinitionReader:316 - Loading XML bean definitions from class path resource [spring-data.xml]
12:25:13,177  INFO Configuration:2111 - HHH000044: Configuring from URL: file:/Users/Jerome/Documents/AFCEPF/Atod26/Spring-Banque/Sources/BanqueSpring-Data/target/classes/hibernate.cfg.xml
12:25:13,181  WARN DTDEntityResolver:75 - HHH000223: Recognized obsolete hibernate namespace http://hibernate.sourceforge.net/. Use namespace http://www.hibernate.org/dtd/ instead. Refer to Hibernate 3.6 Migration Guide!
12:25:13,186  INFO Configuration:2216 - HHH000041: Configured SessionFactory: null
12:25:13,365  INFO Dialect:145 - HHH000400: Using dialect: org.hibernate.dialect.MySQLDialect
12:25:13,368  WARN AnnotationBinder:910 - HHH000457: Joined inheritance hierarchy [fr.afcepf.atod26.java.spring.banque.entity.Utilisateur] defined explicit @DiscriminatorColumn.  Legacy Hibernate behavior was to ignore the @DiscriminatorColumn.  However, as part of issue HHH-6911 we now apply the explicit @DiscriminatorColumn.  If you would prefer the legacy behavior, enable the `hibernate.discriminator.ignore_explicit_for_joined` setting (hibernate.discriminator.ignore_explicit_for_joined=true)
12:25:13,392  INFO TransactionFactoryInitiator:62 - HHH000399: Using default transaction strategy (direct JDBC transactions)
12:25:13,393  INFO ASTQueryTranslatorFactory:47 - HHH000397: Using ASTQueryTranslatorFactory
12:25:13,513  INFO SchemaValidator:157 - HHH000229: Running schema validator
12:25:13,514  INFO SchemaValidator:165 - HHH000102: Fetching database metadata
12:25:13,529  INFO TableMetadata:66 - HHH000261: Table found: bdd_banque.Client
12:25:13,530  INFO TableMetadata:67 - HHH000037: Columns: [id_utilisateur]
12:25:13,535  INFO TableMetadata:66 - HHH000261: Table found: bdd_banque.Conseiller
12:25:13,536  INFO TableMetadata:67 - HHH000037: Columns: [id_utilisateur]
12:25:13,543  INFO TableMetadata:66 - HHH000261: Table found: bdd_banque.compte
12:25:13,543  INFO TableMetadata:67 - HHH000037: Columns: [type_de_compte, id_utilisateur, numero_compte, date_de_creation]
12:25:13,550  INFO TableMetadata:66 - HHH000261: Table found: bdd_banque.operation_compte
12:25:13,551  INFO TableMetadata:67 - HHH000037: Columns: [numero_operation, montant, type_operation, date_operation, lesoperation]
12:25:13,559  INFO TableMetadata:66 - HHH000261: Table found: bdd_banque.utilisateur
12:25:13,559  INFO TableMetadata:67 - HHH000037: Columns: [prenom, mail, id_utilisateur, mot_de_passe, type_utilisateur, nom]
12:25:13,599  INFO HibernateTransactionManager:341 - Using DataSource [org.apache.commons.dbcp2.BasicDataSource@79dc375d] of Hibernate SessionFactory for HibernateTransactionManager
12:25:13,884 DEBUG SQL:109 - select utilisateu0_.id_utilisateur as id_utili2_4_, utilisateu0_.mail as mail3_4_, utilisateu0_.mot_de_passe as mot_de_p4_4_, utilisateu0_.nom as nom5_4_, utilisateu0_.prenom as prenom6_4_, utilisateu0_.type_utilisateur as type_uti1_4_ from utilisateur utilisateu0_ left outer join Client utilisateu0_1_ on utilisateu0_.id_utilisateur=utilisateu0_1_.id_utilisateur left outer join Conseiller utilisateu0_2_ on utilisateu0_.id_utilisateur=utilisateu0_2_.id_utilisateur where utilisateu0_.mail=? and utilisateu0_.mot_de_passe=?
17:28:22,134  INFO ClassPathXmlApplicationContext:513 - Refreshing org.springframework.context.support.ClassPathXmlApplicationContext@3d5546c3: startup date [Sat Apr 02 17:28:22 CEST 2016]; root of context hierarchy
17:28:22,197  INFO XmlBeanDefinitionReader:316 - Loading XML bean definitions from class path resource [spring-data.xml]
17:28:23,105  INFO Version:66 - HCANN000001: Hibernate Commons Annotations {4.0.5.Final}
17:28:23,113  INFO Version:54 - HHH000412: Hibernate Core {4.3.8.Final}
17:28:23,117  INFO Environment:239 - HHH000206: hibernate.properties not found
17:28:23,120  INFO Environment:346 - HHH000021: Bytecode provider name : javassist
17:28:23,147  INFO Configuration:2111 - HHH000044: Configuring from URL: file:/Users/Jerome/Documents/AFCEPF/Atod26/Spring-Banque/Sources/BanqueSpring-Data/target/classes/hibernate.cfg.xml
17:28:23,180  WARN DTDEntityResolver:75 - HHH000223: Recognized obsolete hibernate namespace http://hibernate.sourceforge.net/. Use namespace http://www.hibernate.org/dtd/ instead. Refer to Hibernate 3.6 Migration Guide!
17:28:23,233  INFO Configuration:2216 - HHH000041: Configured SessionFactory: null
17:28:23,883  INFO Dialect:145 - HHH000400: Using dialect: org.hibernate.dialect.MySQLDialect
17:28:23,998  WARN AnnotationBinder:910 - HHH000457: Joined inheritance hierarchy [fr.afcepf.atod26.java.spring.banque.entity.Utilisateur] defined explicit @DiscriminatorColumn.  Legacy Hibernate behavior was to ignore the @DiscriminatorColumn.  However, as part of issue HHH-6911 we now apply the explicit @DiscriminatorColumn.  If you would prefer the legacy behavior, enable the `hibernate.discriminator.ignore_explicit_for_joined` setting (hibernate.discriminator.ignore_explicit_for_joined=true)
17:28:24,199  INFO TransactionFactoryInitiator:62 - HHH000399: Using default transaction strategy (direct JDBC transactions)
17:28:24,207  INFO ASTQueryTranslatorFactory:47 - HHH000397: Using ASTQueryTranslatorFactory
17:28:24,732  INFO SchemaValidator:157 - HHH000229: Running schema validator
17:28:24,732  INFO SchemaValidator:165 - HHH000102: Fetching database metadata
17:28:24,751  INFO TableMetadata:66 - HHH000261: Table found: bdd_banque.Client
17:28:24,773  INFO TableMetadata:67 - HHH000037: Columns: [id_utilisateur]
17:28:24,779  INFO TableMetadata:66 - HHH000261: Table found: bdd_banque.Conseiller
17:28:24,779  INFO TableMetadata:67 - HHH000037: Columns: [id_utilisateur]
17:28:24,785  INFO TableMetadata:66 - HHH000261: Table found: bdd_banque.compte
17:28:24,785  INFO TableMetadata:67 - HHH000037: Columns: [type_de_compte, id_utilisateur, numero_compte, date_de_creation]
17:28:24,793  INFO TableMetadata:66 - HHH000261: Table found: bdd_banque.operation_compte
17:28:24,794  INFO TableMetadata:67 - HHH000037: Columns: [numero_operation, montant, type_operation, date_operation, lesoperation]
17:28:24,806  INFO TableMetadata:66 - HHH000261: Table found: bdd_banque.utilisateur
17:28:24,807  INFO TableMetadata:67 - HHH000037: Columns: [prenom, mail, id_utilisateur, mot_de_passe, type_utilisateur, nom]
17:28:24,959  INFO HibernateTransactionManager:341 - Using DataSource [org.apache.commons.dbcp2.BasicDataSource@2634912e] of Hibernate SessionFactory for HibernateTransactionManager
17:28:25,048 DEBUG SQL:109 - select this_.id_utilisateur as id_utili2_4_0_, this_1_.mail as mail3_4_0_, this_1_.mot_de_passe as mot_de_p4_4_0_, this_1_.nom as nom5_4_0_, this_1_.prenom as prenom6_4_0_ from Client this_ inner join utilisateur this_1_ on this_.id_utilisateur=this_1_.id_utilisateur
17:28:25,174  INFO ClassPathXmlApplicationContext:513 - Refreshing org.springframework.context.support.ClassPathXmlApplicationContext@2e030052: startup date [Sat Apr 02 17:28:25 CEST 2016]; root of context hierarchy
17:28:25,177  INFO XmlBeanDefinitionReader:316 - Loading XML bean definitions from class path resource [spring-data.xml]
17:28:25,400  INFO Configuration:2111 - HHH000044: Configuring from URL: file:/Users/Jerome/Documents/AFCEPF/Atod26/Spring-Banque/Sources/BanqueSpring-Data/target/classes/hibernate.cfg.xml
17:28:25,403  WARN DTDEntityResolver:75 - HHH000223: Recognized obsolete hibernate namespace http://hibernate.sourceforge.net/. Use namespace http://www.hibernate.org/dtd/ instead. Refer to Hibernate 3.6 Migration Guide!
17:28:25,414  INFO Configuration:2216 - HHH000041: Configured SessionFactory: null
17:28:25,481  INFO Dialect:145 - HHH000400: Using dialect: org.hibernate.dialect.MySQLDialect
17:28:25,483  WARN AnnotationBinder:910 - HHH000457: Joined inheritance hierarchy [fr.afcepf.atod26.java.spring.banque.entity.Utilisateur] defined explicit @DiscriminatorColumn.  Legacy Hibernate behavior was to ignore the @DiscriminatorColumn.  However, as part of issue HHH-6911 we now apply the explicit @DiscriminatorColumn.  If you would prefer the legacy behavior, enable the `hibernate.discriminator.ignore_explicit_for_joined` setting (hibernate.discriminator.ignore_explicit_for_joined=true)
17:28:25,529  INFO TransactionFactoryInitiator:62 - HHH000399: Using default transaction strategy (direct JDBC transactions)
17:28:25,529  INFO ASTQueryTranslatorFactory:47 - HHH000397: Using ASTQueryTranslatorFactory
17:28:25,577  INFO SchemaValidator:157 - HHH000229: Running schema validator
17:28:25,578  INFO SchemaValidator:165 - HHH000102: Fetching database metadata
17:28:25,583  INFO TableMetadata:66 - HHH000261: Table found: bdd_banque.Client
17:28:25,583  INFO TableMetadata:67 - HHH000037: Columns: [id_utilisateur]
17:28:25,588  INFO TableMetadata:66 - HHH000261: Table found: bdd_banque.Conseiller
17:28:25,589  INFO TableMetadata:67 - HHH000037: Columns: [id_utilisateur]
17:28:25,594  INFO TableMetadata:66 - HHH000261: Table found: bdd_banque.compte
17:28:25,595  INFO TableMetadata:67 - HHH000037: Columns: [type_de_compte, id_utilisateur, numero_compte, date_de_creation]
17:28:25,600  INFO TableMetadata:66 - HHH000261: Table found: bdd_banque.operation_compte
17:28:25,601  INFO TableMetadata:67 - HHH000037: Columns: [numero_operation, montant, type_operation, date_operation, lesoperation]
17:28:25,629  INFO TableMetadata:66 - HHH000261: Table found: bdd_banque.utilisateur
17:28:25,630  INFO TableMetadata:67 - HHH000037: Columns: [prenom, mail, id_utilisateur, mot_de_passe, type_utilisateur, nom]
17:28:25,655  INFO HibernateTransactionManager:341 - Using DataSource [org.apache.commons.dbcp2.BasicDataSource@564caa65] of Hibernate SessionFactory for HibernateTransactionManager
17:28:25,837 DEBUG SQL:109 - select utilisateu0_.id_utilisateur as id_utili2_4_, utilisateu0_.mail as mail3_4_, utilisateu0_.mot_de_passe as mot_de_p4_4_, utilisateu0_.nom as nom5_4_, utilisateu0_.prenom as prenom6_4_, utilisateu0_.type_utilisateur as type_uti1_4_ from utilisateur utilisateu0_ left outer join Client utilisateu0_1_ on utilisateu0_.id_utilisateur=utilisateu0_1_.id_utilisateur left outer join Conseiller utilisateu0_2_ on utilisateu0_.id_utilisateur=utilisateu0_2_.id_utilisateur where utilisateu0_.mail=? and utilisateu0_.mot_de_passe=?
17:43:15,005  INFO ClassPathXmlApplicationContext:513 - Refreshing org.springframework.context.support.ClassPathXmlApplicationContext@5034c75a: startup date [Sat Apr 02 17:43:14 CEST 2016]; root of context hierarchy
17:43:15,142  INFO XmlBeanDefinitionReader:316 - Loading XML bean definitions from class path resource [spring-data.xml]
17:43:16,007  INFO Version:66 - HCANN000001: Hibernate Commons Annotations {4.0.5.Final}
17:43:16,016  INFO Version:54 - HHH000412: Hibernate Core {4.3.8.Final}
17:43:16,020  INFO Environment:239 - HHH000206: hibernate.properties not found
17:43:16,024  INFO Environment:346 - HHH000021: Bytecode provider name : javassist
17:43:16,055  INFO Configuration:2111 - HHH000044: Configuring from URL: file:/Users/Jerome/Documents/AFCEPF/Atod26/Spring-Banque/Sources/BanqueSpring-Data/target/classes/hibernate.cfg.xml
17:43:16,088  WARN DTDEntityResolver:75 - HHH000223: Recognized obsolete hibernate namespace http://hibernate.sourceforge.net/. Use namespace http://www.hibernate.org/dtd/ instead. Refer to Hibernate 3.6 Migration Guide!
17:43:16,124  INFO Configuration:2216 - HHH000041: Configured SessionFactory: null
17:43:16,882  INFO Dialect:145 - HHH000400: Using dialect: org.hibernate.dialect.MySQLDialect
17:43:16,994  WARN AnnotationBinder:910 - HHH000457: Joined inheritance hierarchy [fr.afcepf.atod26.java.spring.banque.entity.Utilisateur] defined explicit @DiscriminatorColumn.  Legacy Hibernate behavior was to ignore the @DiscriminatorColumn.  However, as part of issue HHH-6911 we now apply the explicit @DiscriminatorColumn.  If you would prefer the legacy behavior, enable the `hibernate.discriminator.ignore_explicit_for_joined` setting (hibernate.discriminator.ignore_explicit_for_joined=true)
17:43:17,258  INFO TransactionFactoryInitiator:62 - HHH000399: Using default transaction strategy (direct JDBC transactions)
17:43:17,264  INFO ASTQueryTranslatorFactory:47 - HHH000397: Using ASTQueryTranslatorFactory
17:43:17,712  INFO SchemaValidator:157 - HHH000229: Running schema validator
17:43:17,713  INFO SchemaValidator:165 - HHH000102: Fetching database metadata
17:43:17,731  INFO TableMetadata:66 - HHH000261: Table found: bdd_banque.Client
17:43:17,739  INFO TableMetadata:67 - HHH000037: Columns: [id_utilisateur]
17:43:17,745  INFO TableMetadata:66 - HHH000261: Table found: bdd_banque.Conseiller
17:43:17,751  INFO TableMetadata:67 - HHH000037: Columns: [id_utilisateur]
17:43:17,757  INFO TableMetadata:66 - HHH000261: Table found: bdd_banque.compte
17:43:17,761  INFO TableMetadata:67 - HHH000037: Columns: [numero_compte, id_utilisateur, type_de_compte, date_de_creation]
17:43:17,767  INFO TableMetadata:66 - HHH000261: Table found: bdd_banque.operation_compte
17:43:17,770  INFO TableMetadata:67 - HHH000037: Columns: [numero_operation, lesoperation, montant, date_operation, type_operation]
17:43:17,784  INFO TableMetadata:66 - HHH000261: Table found: bdd_banque.utilisateur
17:43:17,786  INFO TableMetadata:67 - HHH000037: Columns: [type_utilisateur, mail, id_utilisateur, mot_de_passe, nom, prenom]
17:43:17,919  INFO HibernateTransactionManager:341 - Using DataSource [org.apache.commons.dbcp2.BasicDataSource@5bd73d1a] of Hibernate SessionFactory for HibernateTransactionManager
17:43:18,054 DEBUG SQL:109 - select this_.id_utilisateur as id_utili2_4_0_, this_1_.mail as mail3_4_0_, this_1_.mot_de_passe as mot_de_p4_4_0_, this_1_.nom as nom5_4_0_, this_1_.prenom as prenom6_4_0_ from Client this_ inner join utilisateur this_1_ on this_.id_utilisateur=this_1_.id_utilisateur
17:43:18,194  INFO ClassPathXmlApplicationContext:513 - Refreshing org.springframework.context.support.ClassPathXmlApplicationContext@20921b9b: startup date [Sat Apr 02 17:43:18 CEST 2016]; root of context hierarchy
17:43:18,199  INFO XmlBeanDefinitionReader:316 - Loading XML bean definitions from class path resource [spring-data.xml]
17:43:18,281  INFO Configuration:2111 - HHH000044: Configuring from URL: file:/Users/Jerome/Documents/AFCEPF/Atod26/Spring-Banque/Sources/BanqueSpring-Data/target/classes/hibernate.cfg.xml
17:43:18,283  WARN DTDEntityResolver:75 - HHH000223: Recognized obsolete hibernate namespace http://hibernate.sourceforge.net/. Use namespace http://www.hibernate.org/dtd/ instead. Refer to Hibernate 3.6 Migration Guide!
17:43:18,286  INFO Configuration:2216 - HHH000041: Configured SessionFactory: null
17:43:18,317  INFO Dialect:145 - HHH000400: Using dialect: org.hibernate.dialect.MySQLDialect
17:43:18,319  WARN AnnotationBinder:910 - HHH000457: Joined inheritance hierarchy [fr.afcepf.atod26.java.spring.banque.entity.Utilisateur] defined explicit @DiscriminatorColumn.  Legacy Hibernate behavior was to ignore the @DiscriminatorColumn.  However, as part of issue HHH-6911 we now apply the explicit @DiscriminatorColumn.  If you would prefer the legacy behavior, enable the `hibernate.discriminator.ignore_explicit_for_joined` setting (hibernate.discriminator.ignore_explicit_for_joined=true)
17:43:18,330  INFO TransactionFactoryInitiator:62 - HHH000399: Using default transaction strategy (direct JDBC transactions)
17:43:18,331  INFO ASTQueryTranslatorFactory:47 - HHH000397: Using ASTQueryTranslatorFactory
17:43:18,389  INFO SchemaValidator:157 - HHH000229: Running schema validator
17:43:18,390  INFO SchemaValidator:165 - HHH000102: Fetching database metadata
17:43:18,394  INFO TableMetadata:66 - HHH000261: Table found: bdd_banque.Client
17:43:18,397  INFO TableMetadata:67 - HHH000037: Columns: [id_utilisateur]
17:43:18,436  INFO TableMetadata:66 - HHH000261: Table found: bdd_banque.Conseiller
17:43:18,437  INFO TableMetadata:67 - HHH000037: Columns: [id_utilisateur]
17:43:18,444  INFO TableMetadata:66 - HHH000261: Table found: bdd_banque.compte
17:43:18,446  INFO TableMetadata:67 - HHH000037: Columns: [numero_compte, id_utilisateur, type_de_compte, date_de_creation]
17:43:18,451  INFO TableMetadata:66 - HHH000261: Table found: bdd_banque.operation_compte
17:43:18,456  INFO TableMetadata:67 - HHH000037: Columns: [numero_operation, lesoperation, montant, date_operation, type_operation]
17:43:18,461  INFO TableMetadata:66 - HHH000261: Table found: bdd_banque.utilisateur
17:43:18,462  INFO TableMetadata:67 - HHH000037: Columns: [type_utilisateur, mail, id_utilisateur, mot_de_passe, nom, prenom]
17:43:18,488  INFO HibernateTransactionManager:341 - Using DataSource [org.apache.commons.dbcp2.BasicDataSource@705202d1] of Hibernate SessionFactory for HibernateTransactionManager
17:43:18,713 DEBUG SQL:109 - select utilisateu0_.id_utilisateur as id_utili2_4_, utilisateu0_.mail as mail3_4_, utilisateu0_.mot_de_passe as mot_de_p4_4_, utilisateu0_.nom as nom5_4_, utilisateu0_.prenom as prenom6_4_, utilisateu0_.type_utilisateur as type_uti1_4_ from utilisateur utilisateu0_ left outer join Client utilisateu0_1_ on utilisateu0_.id_utilisateur=utilisateu0_1_.id_utilisateur left outer join Conseiller utilisateu0_2_ on utilisateu0_.id_utilisateur=utilisateu0_2_.id_utilisateur where utilisateu0_.mail=? and utilisateu0_.mot_de_passe=?
